{"/Users/brycedbjork/git/evently-app/client/src/api.js": {"path":"/Users/brycedbjork/git/evently-app/client/src/api.js","statementMap":{"0":{"start":{"line":3,"column":16},"end":{"line":3,"column":36}},"1":{"start":{"line":6,"column":26},"end":{"line":11,"column":1}},"2":{"start":{"line":7,"column":1},"end":{"line":10,"column":16}},"3":{"start":{"line":13,"column":29},"end":{"line":32,"column":1}},"4":{"start":{"line":15,"column":1},"end":{"line":31,"column":4}},"5":{"start":{"line":21,"column":18},"end":{"line":21,"column":20}},"6":{"start":{"line":22,"column":4},"end":{"line":25,"column":5}},"7":{"start":{"line":22,"column":17},"end":{"line":22,"column":18}},"8":{"start":{"line":23,"column":5},"end":{"line":23,"column":39}},"9":{"start":{"line":24,"column":5},"end":{"line":24,"column":55}},"10":{"start":{"line":26,"column":4},"end":{"line":26,"column":29}},"11":{"start":{"line":29,"column":4},"end":{"line":29,"column":25}},"12":{"start":{"line":34,"column":32},"end":{"line":37,"column":1}},"13":{"start":{"line":39,"column":34},"end":{"line":51,"column":1}},"14":{"start":{"line":43,"column":1},"end":{"line":43,"column":45}},"15":{"start":{"line":45,"column":1},"end":{"line":50,"column":39}},"16":{"start":{"line":53,"column":33},"end":{"line":85,"column":1}},"17":{"start":{"line":57,"column":1},"end":{"line":57,"column":32}},"18":{"start":{"line":58,"column":1},"end":{"line":58,"column":34}},"19":{"start":{"line":60,"column":1},"end":{"line":65,"column":9}}},"fnMap":{"0":{"name":"(anonymous_0)","decl":{"start":{"line":6,"column":26},"end":{"line":6,"column":27}},"loc":{"start":{"line":6,"column":41},"end":{"line":11,"column":1}},"line":6},"1":{"name":"(anonymous_1)","decl":{"start":{"line":13,"column":29},"end":{"line":13,"column":30}},"loc":{"start":{"line":13,"column":73},"end":{"line":32,"column":1}},"line":13},"2":{"name":"(anonymous_2)","decl":{"start":{"line":20,"column":3},"end":{"line":20,"column":4}},"loc":{"start":{"line":20,"column":11},"end":{"line":27,"column":4}},"line":20},"3":{"name":"(anonymous_3)","decl":{"start":{"line":28,"column":3},"end":{"line":28,"column":4}},"loc":{"start":{"line":28,"column":12},"end":{"line":30,"column":4}},"line":28},"4":{"name":"(anonymous_4)","decl":{"start":{"line":34,"column":32},"end":{"line":34,"column":33}},"loc":{"start":{"line":34,"column":56},"end":{"line":37,"column":1}},"line":34},"5":{"name":"(anonymous_5)","decl":{"start":{"line":39,"column":34},"end":{"line":39,"column":35}},"loc":{"start":{"line":39,"column":55},"end":{"line":51,"column":1}},"line":39},"6":{"name":"(anonymous_6)","decl":{"start":{"line":53,"column":33},"end":{"line":53,"column":34}},"loc":{"start":{"line":53,"column":54},"end":{"line":85,"column":1}},"line":53}},"branchMap":{},"s":{"0":6,"1":6,"2":0,"3":6,"4":1,"5":1,"6":1,"7":1,"8":0,"9":0,"10":1,"11":0,"12":6,"13":6,"14":0,"15":0,"16":6,"17":0,"18":0,"19":0},"f":{"0":0,"1":1,"2":1,"3":0,"4":0,"5":0,"6":0},"b":{},"_coverageSchema":"43e27e138ebf9cfc5966b082cf9a028302ed4184","hash":"985bbd2b171a1c3a0ceb9946f5924931d5b286e7"}
,"/Users/brycedbjork/git/evently-app/client/src/assets/logo.svg": {"path":"/Users/brycedbjork/git/evently-app/client/src/assets/logo.svg","statementMap":{"0":{"start":{"line":1,"column":0},"end":{"line":4,"column":6}}},"fnMap":{},"branchMap":{},"s":{"0":1},"f":{},"b":{},"_coverageSchema":"43e27e138ebf9cfc5966b082cf9a028302ed4184","hash":"7cb8158e2e0c6092b347e50fb4191382d477ad7a"}
,"/Users/brycedbjork/git/evently-app/client/src/assets/profile.svg": {"path":"/Users/brycedbjork/git/evently-app/client/src/assets/profile.svg","statementMap":{"0":{"start":{"line":1,"column":0},"end":{"line":4,"column":6}}},"fnMap":{},"branchMap":{},"s":{"0":1},"f":{},"b":{},"_coverageSchema":"43e27e138ebf9cfc5966b082cf9a028302ed4184","hash":"dafdd57d7357d03ca19285d9f44ee72ec3fbb308"}
,"/Users/brycedbjork/git/evently-app/client/src/assets/timeline.svg": {"path":"/Users/brycedbjork/git/evently-app/client/src/assets/timeline.svg","statementMap":{"0":{"start":{"line":1,"column":0},"end":{"line":4,"column":6}}},"fnMap":{},"branchMap":{},"s":{"0":1},"f":{},"b":{},"_coverageSchema":"43e27e138ebf9cfc5966b082cf9a028302ed4184","hash":"4701d2fc6ba6a4e7f5ff9da3146302efe06138ff"}
,"/Users/brycedbjork/git/evently-app/client/src/components/App.js": {"path":"/Users/brycedbjork/git/evently-app/client/src/components/App.js","statementMap":{"0":{"start":{"line":21,"column":24},"end":{"line":23,"column":1}},"1":{"start":{"line":29,"column":32},"end":{"line":29,"column":42}},"2":{"start":{"line":32,"column":4},"end":{"line":39,"column":9}},"3":{"start":{"line":35,"column":8},"end":{"line":35,"column":37}},"4":{"start":{"line":38,"column":8},"end":{"line":38,"column":27}},"5":{"start":{"line":42,"column":23},"end":{"line":47,"column":3}},"6":{"start":{"line":51,"column":19},"end":{"line":51,"column":49}},"7":{"start":{"line":54,"column":24},"end":{"line":54,"column":43}},"8":{"start":{"line":55,"column":21},"end":{"line":55,"column":52}},"9":{"start":{"line":56,"column":25},"end":{"line":56,"column":60}},"10":{"start":{"line":58,"column":21},"end":{"line":58,"column":70}},"11":{"start":{"line":59,"column":30},"end":{"line":63,"column":5}},"12":{"start":{"line":65,"column":4},"end":{"line":107,"column":6}},"13":{"start":{"line":76,"column":32},"end":{"line":76,"column":64}},"14":{"start":{"line":93,"column":12},"end":{"line":103,"column":29}},"15":{"start":{"line":98,"column":16},"end":{"line":98,"column":48}},"16":{"start":{"line":99,"column":16},"end":{"line":99,"column":55}},"17":{"start":{"line":111,"column":15},"end":{"line":147,"column":2}},"18":{"start":{"line":149,"column":24},"end":{"line":153,"column":1}},"19":{"start":{"line":150,"column":2},"end":{"line":152,"column":4}},"20":{"start":{"line":155,"column":27},"end":{"line":158,"column":1}}},"fnMap":{"0":{"name":"(anonymous_0)","decl":{"start":{"line":28,"column":2},"end":{"line":28,"column":3}},"loc":{"start":{"line":28,"column":23},"end":{"line":40,"column":3}},"line":28},"1":{"name":"(anonymous_1)","decl":{"start":{"line":33,"column":12},"end":{"line":33,"column":13}},"loc":{"start":{"line":33,"column":18},"end":{"line":36,"column":7}},"line":33},"2":{"name":"(anonymous_2)","decl":{"start":{"line":37,"column":13},"end":{"line":37,"column":14}},"loc":{"start":{"line":37,"column":22},"end":{"line":39,"column":7}},"line":37},"3":{"name":"(anonymous_3)","decl":{"start":{"line":42,"column":17},"end":{"line":42,"column":18}},"loc":{"start":{"line":42,"column":23},"end":{"line":47,"column":3}},"line":42},"4":{"name":"(anonymous_4)","decl":{"start":{"line":49,"column":2},"end":{"line":49,"column":3}},"loc":{"start":{"line":49,"column":11},"end":{"line":108,"column":3}},"line":49},"5":{"name":"(anonymous_5)","decl":{"start":{"line":76,"column":15},"end":{"line":76,"column":16}},"loc":{"start":{"line":76,"column":32},"end":{"line":76,"column":64}},"line":76},"6":{"name":"(anonymous_6)","decl":{"start":{"line":92,"column":24},"end":{"line":92,"column":25}},"loc":{"start":{"line":93,"column":12},"end":{"line":103,"column":29}},"line":93},"7":{"name":"(anonymous_7)","decl":{"start":{"line":97,"column":23},"end":{"line":97,"column":24}},"loc":{"start":{"line":97,"column":29},"end":{"line":100,"column":15}},"line":97},"8":{"name":"(anonymous_8)","decl":{"start":{"line":149,"column":24},"end":{"line":149,"column":25}},"loc":{"start":{"line":149,"column":33},"end":{"line":153,"column":1}},"line":149}},"branchMap":{"0":{"loc":{"start":{"line":45,"column":20},"end":{"line":45,"column":37}},"type":"cond-expr","locations":[{"start":{"line":45,"column":30},"end":{"line":45,"column":31}},{"start":{"line":45,"column":34},"end":{"line":45,"column":37}}],"line":45},"1":{"loc":{"start":{"line":45,"column":39},"end":{"line":45,"column":56}},"type":"cond-expr","locations":[{"start":{"line":45,"column":49},"end":{"line":45,"column":50}},{"start":{"line":45,"column":53},"end":{"line":45,"column":56}}],"line":45},"2":{"loc":{"start":{"line":45,"column":58},"end":{"line":45,"column":75}},"type":"cond-expr","locations":[{"start":{"line":45,"column":68},"end":{"line":45,"column":69}},{"start":{"line":45,"column":72},"end":{"line":45,"column":75}}],"line":45},"3":{"loc":{"start":{"line":127,"column":13},"end":{"line":127,"column":27}},"type":"cond-expr","locations":[{"start":{"line":127,"column":20},"end":{"line":127,"column":22}},{"start":{"line":127,"column":25},"end":{"line":127,"column":27}}],"line":127},"4":{"loc":{"start":{"line":128,"column":19},"end":{"line":128,"column":33}},"type":"cond-expr","locations":[{"start":{"line":128,"column":26},"end":{"line":128,"column":28}},{"start":{"line":128,"column":31},"end":{"line":128,"column":33}}],"line":128}},"s":{"0":1,"1":1,"2":1,"3":0,"4":0,"5":3,"6":1,"7":1,"8":1,"9":1,"10":1,"11":1,"12":1,"13":0,"14":3,"15":0,"16":0,"17":1,"18":1,"19":0,"20":1},"f":{"0":1,"1":0,"2":0,"3":3,"4":1,"5":0,"6":3,"7":0,"8":0},"b":{"0":[1,2],"1":[1,2],"2":[1,2],"3":[0,1],"4":[0,1]},"_coverageSchema":"43e27e138ebf9cfc5966b082cf9a028302ed4184","hash":"43ea18e3ab9e1983c9f455b6f95605c27e4721e5"}
,"/Users/brycedbjork/git/evently-app/client/src/components/EventCard/ActionButton.js": {"path":"/Users/brycedbjork/git/evently-app/client/src/components/EventCard/ActionButton.js","statementMap":{"0":{"start":{"line":11,"column":22},"end":{"line":11,"column":25}},"1":{"start":{"line":13,"column":21},"end":{"line":98,"column":1}},"2":{"start":{"line":14,"column":20},"end":{"line":14,"column":37}},"3":{"start":{"line":16,"column":23},"end":{"line":58,"column":2}},"4":{"start":{"line":60,"column":27},"end":{"line":77,"column":2}},"5":{"start":{"line":80,"column":1},"end":{"line":97,"column":3}},"6":{"start":{"line":84,"column":4},"end":{"line":84,"column":25}},"7":{"start":{"line":100,"column":15},"end":{"line":127,"column":2}}},"fnMap":{"0":{"name":"(anonymous_0)","decl":{"start":{"line":13,"column":21},"end":{"line":13,"column":22}},"loc":{"start":{"line":13,"column":50},"end":{"line":98,"column":1}},"line":13},"1":{"name":"(anonymous_1)","decl":{"start":{"line":83,"column":14},"end":{"line":83,"column":15}},"loc":{"start":{"line":83,"column":20},"end":{"line":85,"column":4}},"line":83}},"branchMap":{},"s":{"0":3,"1":3,"2":1,"3":1,"4":1,"5":1,"6":0,"7":3},"f":{"0":1,"1":0},"b":{},"_coverageSchema":"43e27e138ebf9cfc5966b082cf9a028302ed4184","hash":"472da95c6df25104cb696badd5c05a1dc017080c"}
,"/Users/brycedbjork/git/evently-app/client/src/components/EventCard/Description.js": {"path":"/Users/brycedbjork/git/evently-app/client/src/components/EventCard/Description.js","statementMap":{"0":{"start":{"line":8,"column":20},"end":{"line":16,"column":1}},"1":{"start":{"line":11,"column":1},"end":{"line":15,"column":3}},"2":{"start":{"line":18,"column":15},"end":{"line":25,"column":2}}},"fnMap":{"0":{"name":"(anonymous_0)","decl":{"start":{"line":8,"column":20},"end":{"line":8,"column":21}},"loc":{"start":{"line":8,"column":41},"end":{"line":16,"column":1}},"line":8}},"branchMap":{},"s":{"0":3,"1":1,"2":3},"f":{"0":1},"b":{},"_coverageSchema":"43e27e138ebf9cfc5966b082cf9a028302ed4184","hash":"e98de11317d58d8ec2ff5f7fb87be4e1ae0c3251"}
,"/Users/brycedbjork/git/evently-app/client/src/components/EventCard/Swipeable.js": {"path":"/Users/brycedbjork/git/evently-app/client/src/components/EventCard/Swipeable.js","statementMap":{"0":{"start":{"line":10,"column":27},"end":{"line":10,"column":37}},"1":{"start":{"line":12,"column":2},"end":{"line":12,"column":17}},"2":{"start":{"line":13,"column":2},"end":{"line":13,"column":33}},"3":{"start":{"line":18,"column":23},"end":{"line":18,"column":34}},"4":{"start":{"line":19,"column":27},"end":{"line":19,"column":37}},"5":{"start":{"line":21,"column":2},"end":{"line":34,"column":3}},"6":{"start":{"line":22,"column":3},"end":{"line":33,"column":4}},"7":{"start":{"line":24,"column":4},"end":{"line":24,"column":43}},"8":{"start":{"line":25,"column":4},"end":{"line":25,"column":22}},"9":{"start":{"line":27,"column":4},"end":{"line":27,"column":35}},"10":{"start":{"line":28,"column":10},"end":{"line":33,"column":4}},"11":{"start":{"line":29,"column":4},"end":{"line":29,"column":43}},"12":{"start":{"line":30,"column":4},"end":{"line":30,"column":22}},"13":{"start":{"line":32,"column":4},"end":{"line":32,"column":35}},"14":{"start":{"line":39,"column":27},"end":{"line":39,"column":37}},"15":{"start":{"line":41,"column":20},"end":{"line":41,"column":31}},"16":{"start":{"line":42,"column":2},"end":{"line":49,"column":3}},"17":{"start":{"line":45,"column":3},"end":{"line":45,"column":34}},"18":{"start":{"line":46,"column":3},"end":{"line":46,"column":18}},"19":{"start":{"line":60,"column":20},"end":{"line":60,"column":31}},"20":{"start":{"line":61,"column":40},"end":{"line":61,"column":50}},"21":{"start":{"line":63,"column":2},"end":{"line":64,"column":39}},"22":{"start":{"line":63,"column":19},"end":{"line":63,"column":33}},"23":{"start":{"line":64,"column":7},"end":{"line":64,"column":39}},"24":{"start":{"line":64,"column":24},"end":{"line":64,"column":39}},"25":{"start":{"line":68,"column":68},"end":{"line":68,"column":78}},"26":{"start":{"line":70,"column":17},"end":{"line":70,"column":47}},"27":{"start":{"line":72,"column":15},"end":{"line":72,"column":52}},"28":{"start":{"line":73,"column":19},"end":{"line":73,"column":55}},"29":{"start":{"line":74,"column":16},"end":{"line":74,"column":52}},"30":{"start":{"line":76,"column":19},"end":{"line":96,"column":3}},"31":{"start":{"line":99,"column":3},"end":{"line":112,"column":23}},"32":{"start":{"line":102,"column":26},"end":{"line":102,"column":58}},"33":{"start":{"line":116,"column":2},"end":{"line":116,"column":39}},"34":{"start":{"line":122,"column":15},"end":{"line":128,"column":2}}},"fnMap":{"0":{"name":"(anonymous_0)","decl":{"start":{"line":9,"column":14},"end":{"line":9,"column":15}},"loc":{"start":{"line":9,"column":20},"end":{"line":14,"column":2}},"line":9},"1":{"name":"(anonymous_1)","decl":{"start":{"line":16,"column":16},"end":{"line":16,"column":17}},"loc":{"start":{"line":16,"column":37},"end":{"line":35,"column":2}},"line":16},"2":{"name":"(anonymous_2)","decl":{"start":{"line":37,"column":21},"end":{"line":37,"column":22}},"loc":{"start":{"line":37,"column":42},"end":{"line":57,"column":2}},"line":37},"3":{"name":"(anonymous_3)","decl":{"start":{"line":59,"column":16},"end":{"line":59,"column":17}},"loc":{"start":{"line":59,"column":37},"end":{"line":65,"column":2}},"line":59},"4":{"name":"(anonymous_4)","decl":{"start":{"line":67,"column":1},"end":{"line":67,"column":2}},"loc":{"start":{"line":67,"column":10},"end":{"line":119,"column":2}},"line":67},"5":{"name":"(anonymous_5)","decl":{"start":{"line":102,"column":9},"end":{"line":102,"column":10}},"loc":{"start":{"line":102,"column":26},"end":{"line":102,"column":58}},"line":102}},"branchMap":{"0":{"loc":{"start":{"line":21,"column":2},"end":{"line":34,"column":3}},"type":"if","locations":[{"start":{"line":21,"column":2},"end":{"line":34,"column":3}},{"start":{"line":21,"column":2},"end":{"line":34,"column":3}}],"line":21},"1":{"loc":{"start":{"line":22,"column":3},"end":{"line":33,"column":4}},"type":"if","locations":[{"start":{"line":22,"column":3},"end":{"line":33,"column":4}},{"start":{"line":22,"column":3},"end":{"line":33,"column":4}}],"line":22},"2":{"loc":{"start":{"line":28,"column":10},"end":{"line":33,"column":4}},"type":"if","locations":[{"start":{"line":28,"column":10},"end":{"line":33,"column":4}},{"start":{"line":28,"column":10},"end":{"line":33,"column":4}}],"line":28},"3":{"loc":{"start":{"line":42,"column":2},"end":{"line":49,"column":3}},"type":"if","locations":[{"start":{"line":42,"column":2},"end":{"line":49,"column":3}},{"start":{"line":42,"column":2},"end":{"line":49,"column":3}}],"line":42},"4":{"loc":{"start":{"line":42,"column":6},"end":{"line":42,"column":32}},"type":"binary-expr","locations":[{"start":{"line":42,"column":6},"end":{"line":42,"column":17}},{"start":{"line":42,"column":21},"end":{"line":42,"column":32}}],"line":42},"5":{"loc":{"start":{"line":63,"column":2},"end":{"line":64,"column":39}},"type":"if","locations":[{"start":{"line":63,"column":2},"end":{"line":64,"column":39}},{"start":{"line":63,"column":2},"end":{"line":64,"column":39}}],"line":63},"6":{"loc":{"start":{"line":64,"column":7},"end":{"line":64,"column":39}},"type":"if","locations":[{"start":{"line":64,"column":7},"end":{"line":64,"column":39}},{"start":{"line":64,"column":7},"end":{"line":64,"column":39}}],"line":64},"7":{"loc":{"start":{"line":84,"column":4},"end":{"line":92,"column":19}},"type":"cond-expr","locations":[{"start":{"line":85,"column":7},"end":{"line":91,"column":8}},{"start":{"line":92,"column":7},"end":{"line":92,"column":19}}],"line":84},"8":{"loc":{"start":{"line":116,"column":9},"end":{"line":116,"column":38}},"type":"cond-expr","locations":[{"start":{"line":116,"column":22},"end":{"line":116,"column":31}},{"start":{"line":116,"column":34},"end":{"line":116,"column":38}}],"line":116}},"s":{"0":0,"1":0,"2":0,"3":0,"4":0,"5":0,"6":0,"7":0,"8":0,"9":0,"10":0,"11":0,"12":0,"13":0,"14":0,"15":0,"16":0,"17":0,"18":0,"19":0,"20":0,"21":0,"22":0,"23":0,"24":0,"25":0,"26":0,"27":0,"28":0,"29":0,"30":0,"31":0,"32":0,"33":0,"34":2},"f":{"0":0,"1":0,"2":0,"3":0,"4":0,"5":0},"b":{"0":[0,0],"1":[0,0],"2":[0,0],"3":[0,0],"4":[0,0],"5":[0,0],"6":[0,0],"7":[0,0],"8":[0,0]},"_coverageSchema":"43e27e138ebf9cfc5966b082cf9a028302ed4184","hash":"6664c19d4b421e44a7bd2ba959346d07e47d6f7f"}
,"/Users/brycedbjork/git/evently-app/client/src/components/EventCard/index.js": {"path":"/Users/brycedbjork/git/evently-app/client/src/components/EventCard/index.js","statementMap":{"0":{"start":{"line":14,"column":26},"end":{"line":14,"column":29}},"1":{"start":{"line":15,"column":25},"end":{"line":15,"column":26}},"2":{"start":{"line":16,"column":32},"end":{"line":16,"column":34}},"3":{"start":{"line":22,"column":1},"end":{"line":22,"column":50}},"4":{"start":{"line":33,"column":48},"end":{"line":33,"column":58}},"5":{"start":{"line":34,"column":2},"end":{"line":34,"column":98}},"6":{"start":{"line":49,"column":6},"end":{"line":49,"column":16}},"7":{"start":{"line":51,"column":34},"end":{"line":61,"column":3}},"8":{"start":{"line":63,"column":2},"end":{"line":111,"column":4}},"9":{"start":{"line":88,"column":8},"end":{"line":90,"column":20}},"10":{"start":{"line":96,"column":23},"end":{"line":96,"column":41}},"11":{"start":{"line":115,"column":15},"end":{"line":175,"column":2}}},"fnMap":{"0":{"name":"formatDay","decl":{"start":{"line":21,"column":9},"end":{"line":21,"column":18}},"loc":{"start":{"line":21,"column":25},"end":{"line":23,"column":1}},"line":21},"1":{"name":"(anonymous_1)","decl":{"start":{"line":32,"column":16},"end":{"line":32,"column":17}},"loc":{"start":{"line":32,"column":22},"end":{"line":35,"column":2}},"line":32},"2":{"name":"(anonymous_2)","decl":{"start":{"line":37,"column":1},"end":{"line":37,"column":2}},"loc":{"start":{"line":37,"column":10},"end":{"line":112,"column":2}},"line":37},"3":{"name":"(anonymous_3)","decl":{"start":{"line":87,"column":17},"end":{"line":87,"column":18}},"loc":{"start":{"line":88,"column":8},"end":{"line":90,"column":20}},"line":88},"4":{"name":"(anonymous_4)","decl":{"start":{"line":96,"column":11},"end":{"line":96,"column":12}},"loc":{"start":{"line":96,"column":23},"end":{"line":96,"column":41}},"line":96}},"branchMap":{"0":{"loc":{"start":{"line":81,"column":6},"end":{"line":93,"column":6}},"type":"binary-expr","locations":[{"start":{"line":81,"column":6},"end":{"line":81,"column":12}},{"start":{"line":82,"column":6},"end":{"line":92,"column":23}}],"line":81}},"s":{"0":3,"1":3,"2":3,"3":1,"4":0,"5":0,"6":1,"7":1,"8":1,"9":0,"10":0,"11":3},"f":{"0":1,"1":0,"2":1,"3":0,"4":0},"b":{"0":[1,0]},"_coverageSchema":"43e27e138ebf9cfc5966b082cf9a028302ed4184","hash":"a3b9c241778d2b17963a55ec6530a390478b3987"}
,"/Users/brycedbjork/git/evently-app/client/src/components/Feed/Filter.js": {"path":"/Users/brycedbjork/git/evently-app/client/src/components/Feed/Filter.js","statementMap":{"0":{"start":{"line":26,"column":21},"end":{"line":26,"column":29}},"1":{"start":{"line":27,"column":19},"end":{"line":27,"column":29}},"2":{"start":{"line":28,"column":19},"end":{"line":32,"column":1}},"3":{"start":{"line":34,"column":26},"end":{"line":34,"column":38}},"4":{"start":{"line":35,"column":25},"end":{"line":37,"column":3}},"5":{"start":{"line":35,"column":58},"end":{"line":37,"column":1}},"6":{"start":{"line":38,"column":25},"end":{"line":40,"column":3}},"7":{"start":{"line":38,"column":54},"end":{"line":40,"column":1}},"8":{"start":{"line":52,"column":20},"end":{"line":52,"column":31}},"9":{"start":{"line":53,"column":60},"end":{"line":53,"column":70}},"10":{"start":{"line":55,"column":2},"end":{"line":55,"column":43}},"11":{"start":{"line":55,"column":25},"end":{"line":55,"column":43}},"12":{"start":{"line":59,"column":20},"end":{"line":59,"column":31}},"13":{"start":{"line":67,"column":6},"end":{"line":67,"column":16}},"14":{"start":{"line":69,"column":25},"end":{"line":69,"column":35}},"15":{"start":{"line":71,"column":2},"end":{"line":71,"column":33}},"16":{"start":{"line":74,"column":2},"end":{"line":74,"column":77}},"17":{"start":{"line":75,"column":2},"end":{"line":75,"column":74}},"18":{"start":{"line":78,"column":2},"end":{"line":79,"column":18}},"19":{"start":{"line":78,"column":18},"end":{"line":78,"column":45}},"20":{"start":{"line":79,"column":7},"end":{"line":79,"column":18}},"21":{"start":{"line":83,"column":20},"end":{"line":83,"column":31}},"22":{"start":{"line":86,"column":2},"end":{"line":86,"column":33}},"23":{"start":{"line":87,"column":2},"end":{"line":87,"column":36}},"24":{"start":{"line":91,"column":46},"end":{"line":91,"column":56}},"25":{"start":{"line":92,"column":19},"end":{"line":92,"column":29}},"26":{"start":{"line":94,"column":2},"end":{"line":122,"column":4}},"27":{"start":{"line":107,"column":51},"end":{"line":107,"column":52}},"28":{"start":{"line":109,"column":8},"end":{"line":109,"column":29}},"29":{"start":{"line":126,"column":46},"end":{"line":126,"column":56}},"30":{"start":{"line":127,"column":19},"end":{"line":127,"column":29}},"31":{"start":{"line":129,"column":2},"end":{"line":149,"column":4}},"32":{"start":{"line":134,"column":51},"end":{"line":134,"column":52}},"33":{"start":{"line":136,"column":8},"end":{"line":136,"column":29}},"34":{"start":{"line":153,"column":2},"end":{"line":153,"column":35}},"35":{"start":{"line":157,"column":2},"end":{"line":157,"column":35}},"36":{"start":{"line":161,"column":31},"end":{"line":161,"column":41}},"37":{"start":{"line":162,"column":19},"end":{"line":162,"column":29}},"38":{"start":{"line":164,"column":27},"end":{"line":173,"column":3}},"39":{"start":{"line":175,"column":23},"end":{"line":184,"column":3}},"40":{"start":{"line":186,"column":23},"end":{"line":195,"column":3}},"41":{"start":{"line":197,"column":26},"end":{"line":203,"column":3}},"42":{"start":{"line":205,"column":27},"end":{"line":211,"column":3}},"43":{"start":{"line":213,"column":27},"end":{"line":219,"column":3}},"44":{"start":{"line":221,"column":2},"end":{"line":317,"column":4}},"45":{"start":{"line":227,"column":27},"end":{"line":227,"column":53}},"46":{"start":{"line":250,"column":28},"end":{"line":250,"column":60}},"47":{"start":{"line":254,"column":28},"end":{"line":254,"column":68}},"48":{"start":{"line":259,"column":7},"end":{"line":266,"column":26}},"49":{"start":{"line":261,"column":23},"end":{"line":261,"column":61}},"50":{"start":{"line":275,"column":28},"end":{"line":275,"column":60}},"51":{"start":{"line":279,"column":28},"end":{"line":279,"column":68}},"52":{"start":{"line":289,"column":7},"end":{"line":296,"column":26}},"53":{"start":{"line":291,"column":23},"end":{"line":291,"column":61}},"54":{"start":{"line":321,"column":15},"end":{"line":373,"column":2}},"55":{"start":{"line":375,"column":24},"end":{"line":383,"column":1}},"56":{"start":{"line":376,"column":63},"end":{"line":376,"column":69}},"57":{"start":{"line":377,"column":1},"end":{"line":382,"column":3}},"58":{"start":{"line":385,"column":27},"end":{"line":392,"column":1}}},"fnMap":{"0":{"name":"(anonymous_0)","decl":{"start":{"line":35,"column":40},"end":{"line":35,"column":41}},"loc":{"start":{"line":35,"column":58},"end":{"line":37,"column":1}},"line":35},"1":{"name":"(anonymous_1)","decl":{"start":{"line":38,"column":40},"end":{"line":38,"column":41}},"loc":{"start":{"line":38,"column":54},"end":{"line":40,"column":1}},"line":38},"2":{"name":"(anonymous_2)","decl":{"start":{"line":51,"column":16},"end":{"line":51,"column":17}},"loc":{"start":{"line":51,"column":37},"end":{"line":56,"column":2}},"line":51},"3":{"name":"(anonymous_3)","decl":{"start":{"line":58,"column":16},"end":{"line":58,"column":17}},"loc":{"start":{"line":58,"column":37},"end":{"line":80,"column":2}},"line":58},"4":{"name":"(anonymous_4)","decl":{"start":{"line":82,"column":24},"end":{"line":82,"column":25}},"loc":{"start":{"line":82,"column":52},"end":{"line":88,"column":2}},"line":82},"5":{"name":"(anonymous_5)","decl":{"start":{"line":90,"column":22},"end":{"line":90,"column":23}},"loc":{"start":{"line":90,"column":31},"end":{"line":123,"column":2}},"line":90},"6":{"name":"(anonymous_6)","decl":{"start":{"line":107,"column":40},"end":{"line":107,"column":41}},"loc":{"start":{"line":107,"column":51},"end":{"line":107,"column":52}},"line":107},"7":{"name":"(anonymous_7)","decl":{"start":{"line":108,"column":41},"end":{"line":108,"column":42}},"loc":{"start":{"line":109,"column":8},"end":{"line":109,"column":29}},"line":109},"8":{"name":"(anonymous_8)","decl":{"start":{"line":125,"column":22},"end":{"line":125,"column":23}},"loc":{"start":{"line":125,"column":31},"end":{"line":150,"column":2}},"line":125},"9":{"name":"(anonymous_9)","decl":{"start":{"line":134,"column":40},"end":{"line":134,"column":41}},"loc":{"start":{"line":134,"column":51},"end":{"line":134,"column":52}},"line":134},"10":{"name":"(anonymous_10)","decl":{"start":{"line":135,"column":41},"end":{"line":135,"column":42}},"loc":{"start":{"line":136,"column":8},"end":{"line":136,"column":29}},"line":136},"11":{"name":"(anonymous_11)","decl":{"start":{"line":152,"column":14},"end":{"line":152,"column":15}},"loc":{"start":{"line":152,"column":20},"end":{"line":154,"column":2}},"line":152},"12":{"name":"(anonymous_12)","decl":{"start":{"line":156,"column":15},"end":{"line":156,"column":16}},"loc":{"start":{"line":156,"column":21},"end":{"line":158,"column":2}},"line":156},"13":{"name":"(anonymous_13)","decl":{"start":{"line":160,"column":1},"end":{"line":160,"column":2}},"loc":{"start":{"line":160,"column":10},"end":{"line":318,"column":2}},"line":160},"14":{"name":"(anonymous_14)","decl":{"start":{"line":227,"column":10},"end":{"line":227,"column":11}},"loc":{"start":{"line":227,"column":27},"end":{"line":227,"column":53}},"line":227},"15":{"name":"(anonymous_15)","decl":{"start":{"line":250,"column":11},"end":{"line":250,"column":12}},"loc":{"start":{"line":250,"column":28},"end":{"line":250,"column":60}},"line":250},"16":{"name":"(anonymous_16)","decl":{"start":{"line":254,"column":19},"end":{"line":254,"column":20}},"loc":{"start":{"line":254,"column":28},"end":{"line":254,"column":68}},"line":254},"17":{"name":"(anonymous_17)","decl":{"start":{"line":258,"column":22},"end":{"line":258,"column":23}},"loc":{"start":{"line":259,"column":7},"end":{"line":266,"column":26}},"line":259},"18":{"name":"(anonymous_18)","decl":{"start":{"line":261,"column":17},"end":{"line":261,"column":18}},"loc":{"start":{"line":261,"column":23},"end":{"line":261,"column":61}},"line":261},"19":{"name":"(anonymous_19)","decl":{"start":{"line":275,"column":11},"end":{"line":275,"column":12}},"loc":{"start":{"line":275,"column":28},"end":{"line":275,"column":60}},"line":275},"20":{"name":"(anonymous_20)","decl":{"start":{"line":279,"column":19},"end":{"line":279,"column":20}},"loc":{"start":{"line":279,"column":28},"end":{"line":279,"column":68}},"line":279},"21":{"name":"(anonymous_21)","decl":{"start":{"line":288,"column":22},"end":{"line":288,"column":23}},"loc":{"start":{"line":289,"column":7},"end":{"line":296,"column":26}},"line":289},"22":{"name":"(anonymous_22)","decl":{"start":{"line":291,"column":17},"end":{"line":291,"column":18}},"loc":{"start":{"line":291,"column":23},"end":{"line":291,"column":61}},"line":291},"23":{"name":"(anonymous_23)","decl":{"start":{"line":375,"column":24},"end":{"line":375,"column":25}},"loc":{"start":{"line":375,"column":40},"end":{"line":383,"column":1}},"line":375}},"branchMap":{"0":{"loc":{"start":{"line":55,"column":2},"end":{"line":55,"column":43}},"type":"if","locations":[{"start":{"line":55,"column":2},"end":{"line":55,"column":43}},{"start":{"line":55,"column":2},"end":{"line":55,"column":43}}],"line":55},"1":{"loc":{"start":{"line":78,"column":2},"end":{"line":79,"column":18}},"type":"if","locations":[{"start":{"line":78,"column":2},"end":{"line":79,"column":18}},{"start":{"line":78,"column":2},"end":{"line":79,"column":18}}],"line":78},"2":{"loc":{"start":{"line":105,"column":4},"end":{"line":121,"column":9}},"type":"cond-expr","locations":[{"start":{"line":106,"column":7},"end":{"line":112,"column":9}},{"start":{"line":113,"column":7},"end":{"line":121,"column":9}}],"line":105},"3":{"loc":{"start":{"line":105,"column":4},"end":{"line":105,"column":26}},"type":"binary-expr","locations":[{"start":{"line":105,"column":4},"end":{"line":105,"column":18}},{"start":{"line":105,"column":22},"end":{"line":105,"column":26}}],"line":105},"4":{"loc":{"start":{"line":109,"column":8},"end":{"line":109,"column":29}},"type":"cond-expr","locations":[{"start":{"line":109,"column":22},"end":{"line":109,"column":23}},{"start":{"line":109,"column":26},"end":{"line":109,"column":29}}],"line":109},"5":{"loc":{"start":{"line":116,"column":8},"end":{"line":116,"column":30}},"type":"cond-expr","locations":[{"start":{"line":116,"column":25},"end":{"line":116,"column":26}},{"start":{"line":116,"column":29},"end":{"line":116,"column":30}}],"line":116},"6":{"loc":{"start":{"line":117,"column":8},"end":{"line":117,"column":32}},"type":"cond-expr","locations":[{"start":{"line":117,"column":25},"end":{"line":117,"column":26}},{"start":{"line":117,"column":29},"end":{"line":117,"column":32}}],"line":117},"7":{"loc":{"start":{"line":118,"column":8},"end":{"line":118,"column":32}},"type":"cond-expr","locations":[{"start":{"line":118,"column":25},"end":{"line":118,"column":26}},{"start":{"line":118,"column":29},"end":{"line":118,"column":32}}],"line":118},"8":{"loc":{"start":{"line":132,"column":4},"end":{"line":148,"column":9}},"type":"cond-expr","locations":[{"start":{"line":133,"column":7},"end":{"line":139,"column":9}},{"start":{"line":140,"column":7},"end":{"line":148,"column":9}}],"line":132},"9":{"loc":{"start":{"line":132,"column":4},"end":{"line":132,"column":26}},"type":"binary-expr","locations":[{"start":{"line":132,"column":4},"end":{"line":132,"column":18}},{"start":{"line":132,"column":22},"end":{"line":132,"column":26}}],"line":132},"10":{"loc":{"start":{"line":136,"column":8},"end":{"line":136,"column":29}},"type":"cond-expr","locations":[{"start":{"line":136,"column":22},"end":{"line":136,"column":23}},{"start":{"line":136,"column":26},"end":{"line":136,"column":29}}],"line":136},"11":{"loc":{"start":{"line":143,"column":8},"end":{"line":143,"column":30}},"type":"cond-expr","locations":[{"start":{"line":143,"column":25},"end":{"line":143,"column":26}},{"start":{"line":143,"column":29},"end":{"line":143,"column":30}}],"line":143},"12":{"loc":{"start":{"line":144,"column":8},"end":{"line":144,"column":33}},"type":"cond-expr","locations":[{"start":{"line":144,"column":25},"end":{"line":144,"column":26}},{"start":{"line":144,"column":29},"end":{"line":144,"column":33}}],"line":144},"13":{"loc":{"start":{"line":145,"column":8},"end":{"line":145,"column":32}},"type":"cond-expr","locations":[{"start":{"line":145,"column":25},"end":{"line":145,"column":26}},{"start":{"line":145,"column":29},"end":{"line":145,"column":32}}],"line":145},"14":{"loc":{"start":{"line":300,"column":5},"end":{"line":304,"column":5}},"type":"binary-expr","locations":[{"start":{"line":300,"column":5},"end":{"line":300,"column":15}},{"start":{"line":301,"column":5},"end":{"line":303,"column":21}}],"line":300},"15":{"loc":{"start":{"line":305,"column":5},"end":{"line":311,"column":5}},"type":"binary-expr","locations":[{"start":{"line":305,"column":5},"end":{"line":305,"column":9}},{"start":{"line":306,"column":5},"end":{"line":310,"column":7}}],"line":305},"16":{"loc":{"start":{"line":314,"column":14},"end":{"line":314,"column":55}},"type":"cond-expr","locations":[{"start":{"line":314,"column":21},"end":{"line":314,"column":37}},{"start":{"line":314,"column":40},"end":{"line":314,"column":55}}],"line":314},"17":{"loc":{"start":{"line":328,"column":20},"end":{"line":328,"column":33}},"type":"cond-expr","locations":[{"start":{"line":328,"column":27},"end":{"line":328,"column":28}},{"start":{"line":328,"column":31},"end":{"line":328,"column":33}}],"line":328}},"s":{"0":2,"1":2,"2":2,"3":2,"4":2,"5":16,"6":2,"7":6,"8":0,"9":0,"10":0,"11":0,"12":0,"13":0,"14":0,"15":0,"16":0,"17":0,"18":0,"19":0,"20":0,"21":0,"22":0,"23":0,"24":3,"25":3,"26":3,"27":0,"28":0,"29":8,"30":8,"31":8,"32":0,"33":0,"34":0,"35":0,"36":1,"37":1,"38":1,"39":1,"40":1,"41":1,"42":1,"43":1,"44":1,"45":0,"46":0,"47":0,"48":3,"49":0,"50":0,"51":0,"52":8,"53":0,"54":2,"55":2,"56":0,"57":0,"58":2},"f":{"0":16,"1":6,"2":0,"3":0,"4":0,"5":3,"6":0,"7":0,"8":8,"9":0,"10":0,"11":0,"12":0,"13":1,"14":0,"15":0,"16":0,"17":3,"18":0,"19":0,"20":0,"21":8,"22":0,"23":0},"b":{"0":[0,0],"1":[0,0],"2":[0,3],"3":[3,3],"4":[0,0],"5":[1,2],"6":[1,2],"7":[1,2],"8":[0,8],"9":[8,8],"10":[0,0],"11":[1,7],"12":[1,7],"13":[1,7],"14":[1,0],"15":[1,0],"16":[0,1],"17":[0,2]},"_coverageSchema":"43e27e138ebf9cfc5966b082cf9a028302ed4184","hash":"e88b456a8f76c747c54e8ab0777392789ddf10ed"}
,"/Users/brycedbjork/git/evently-app/client/src/components/Feed/index.js": {"path":"/Users/brycedbjork/git/evently-app/client/src/components/Feed/index.js","statementMap":{"0":{"start":{"line":34,"column":52},"end":{"line":34,"column":62}},"1":{"start":{"line":36,"column":2},"end":{"line":60,"column":6}},"2":{"start":{"line":38,"column":4},"end":{"line":56,"column":5}},"3":{"start":{"line":39,"column":5},"end":{"line":42,"column":34}},"4":{"start":{"line":44,"column":5},"end":{"line":55,"column":7}},"5":{"start":{"line":50,"column":9},"end":{"line":50,"column":36}},"6":{"start":{"line":59,"column":4},"end":{"line":59,"column":23}},"7":{"start":{"line":71,"column":6},"end":{"line":71,"column":11}},"8":{"start":{"line":72,"column":47},"end":{"line":72,"column":52}},"9":{"start":{"line":74,"column":2},"end":{"line":98,"column":3}},"10":{"start":{"line":78,"column":3},"end":{"line":78,"column":37}},"11":{"start":{"line":79,"column":9},"end":{"line":98,"column":3}},"12":{"start":{"line":83,"column":27},"end":{"line":83,"column":29}},"13":{"start":{"line":84,"column":3},"end":{"line":87,"column":6}},"14":{"start":{"line":85,"column":4},"end":{"line":86,"column":51}},"15":{"start":{"line":86,"column":5},"end":{"line":86,"column":51}},"16":{"start":{"line":89,"column":3},"end":{"line":89,"column":74}},"17":{"start":{"line":90,"column":9},"end":{"line":98,"column":3}},"18":{"start":{"line":91,"column":27},"end":{"line":91,"column":29}},"19":{"start":{"line":92,"column":3},"end":{"line":94,"column":5}},"20":{"start":{"line":93,"column":17},"end":{"line":93,"column":62}},"21":{"start":{"line":95,"column":3},"end":{"line":95,"column":73}},"22":{"start":{"line":97,"column":3},"end":{"line":97,"column":15}},"23":{"start":{"line":102,"column":54},"end":{"line":102,"column":64}},"24":{"start":{"line":103,"column":31},"end":{"line":103,"column":41}},"25":{"start":{"line":105,"column":2},"end":{"line":110,"column":3}},"26":{"start":{"line":106,"column":3},"end":{"line":106,"column":24}},"27":{"start":{"line":107,"column":3},"end":{"line":109,"column":5}},"28":{"start":{"line":114,"column":2},"end":{"line":119,"column":13}},"29":{"start":{"line":123,"column":2},"end":{"line":128,"column":13}},"30":{"start":{"line":132,"column":54},"end":{"line":132,"column":64}},"31":{"start":{"line":133,"column":29},"end":{"line":133,"column":39}},"32":{"start":{"line":136,"column":2},"end":{"line":137,"column":71}},"33":{"start":{"line":137,"column":3},"end":{"line":137,"column":71}},"34":{"start":{"line":139,"column":2},"end":{"line":141,"column":5}},"35":{"start":{"line":145,"column":2},"end":{"line":145,"column":30}},"36":{"start":{"line":146,"column":2},"end":{"line":146,"column":21}},"37":{"start":{"line":150,"column":2},"end":{"line":150,"column":29}},"38":{"start":{"line":151,"column":2},"end":{"line":151,"column":21}},"39":{"start":{"line":159,"column":29},"end":{"line":159,"column":39}},"40":{"start":{"line":160,"column":43},"end":{"line":160,"column":53}},"41":{"start":{"line":162,"column":29},"end":{"line":181,"column":3}},"42":{"start":{"line":183,"column":16},"end":{"line":183,"column":32}},"43":{"start":{"line":185,"column":3},"end":{"line":200,"column":19}},"44":{"start":{"line":187,"column":5},"end":{"line":198,"column":17}},"45":{"start":{"line":194,"column":26},"end":{"line":194,"column":53}},"46":{"start":{"line":195,"column":25},"end":{"line":195,"column":51}},"47":{"start":{"line":203,"column":2},"end":{"line":208,"column":4}},"48":{"start":{"line":212,"column":15},"end":{"line":225,"column":2}},"49":{"start":{"line":227,"column":24},"end":{"line":237,"column":1}},"50":{"start":{"line":228,"column":1},"end":{"line":236,"column":3}},"51":{"start":{"line":239,"column":27},"end":{"line":244,"column":1}}},"fnMap":{"0":{"name":"(anonymous_0)","decl":{"start":{"line":33,"column":1},"end":{"line":33,"column":2}},"loc":{"start":{"line":33,"column":21},"end":{"line":61,"column":2}},"line":33},"1":{"name":"(anonymous_1)","decl":{"start":{"line":37,"column":9},"end":{"line":37,"column":10}},"loc":{"start":{"line":37,"column":19},"end":{"line":57,"column":4}},"line":37},"2":{"name":"(anonymous_2)","decl":{"start":{"line":49,"column":17},"end":{"line":49,"column":18}},"loc":{"start":{"line":49,"column":23},"end":{"line":51,"column":9}},"line":49},"3":{"name":"(anonymous_3)","decl":{"start":{"line":58,"column":10},"end":{"line":58,"column":11}},"loc":{"start":{"line":58,"column":19},"end":{"line":60,"column":4}},"line":58},"4":{"name":"(anonymous_4)","decl":{"start":{"line":63,"column":1},"end":{"line":63,"column":2}},"loc":{"start":{"line":63,"column":47},"end":{"line":99,"column":2}},"line":63},"5":{"name":"(anonymous_5)","decl":{"start":{"line":84,"column":17},"end":{"line":84,"column":18}},"loc":{"start":{"line":84,"column":29},"end":{"line":87,"column":4}},"line":84},"6":{"name":"(anonymous_6)","decl":{"start":{"line":93,"column":4},"end":{"line":93,"column":5}},"loc":{"start":{"line":93,"column":17},"end":{"line":93,"column":62}},"line":93},"7":{"name":"(anonymous_7)","decl":{"start":{"line":101,"column":1},"end":{"line":101,"column":2}},"loc":{"start":{"line":101,"column":42},"end":{"line":111,"column":2}},"line":101},"8":{"name":"(anonymous_8)","decl":{"start":{"line":113,"column":18},"end":{"line":113,"column":19}},"loc":{"start":{"line":113,"column":24},"end":{"line":120,"column":2}},"line":113},"9":{"name":"(anonymous_9)","decl":{"start":{"line":122,"column":17},"end":{"line":122,"column":18}},"loc":{"start":{"line":122,"column":23},"end":{"line":129,"column":2}},"line":122},"10":{"name":"(anonymous_10)","decl":{"start":{"line":131,"column":11},"end":{"line":131,"column":12}},"loc":{"start":{"line":131,"column":23},"end":{"line":142,"column":2}},"line":131},"11":{"name":"(anonymous_11)","decl":{"start":{"line":144,"column":20},"end":{"line":144,"column":21}},"loc":{"start":{"line":144,"column":28},"end":{"line":147,"column":2}},"line":144},"12":{"name":"(anonymous_12)","decl":{"start":{"line":149,"column":19},"end":{"line":149,"column":20}},"loc":{"start":{"line":149,"column":27},"end":{"line":152,"column":2}},"line":149},"13":{"name":"(anonymous_13)","decl":{"start":{"line":154,"column":22},"end":{"line":154,"column":23}},"loc":{"start":{"line":154,"column":28},"end":{"line":156,"column":2}},"line":154},"14":{"name":"(anonymous_14)","decl":{"start":{"line":158,"column":1},"end":{"line":158,"column":2}},"loc":{"start":{"line":158,"column":10},"end":{"line":209,"column":2}},"line":158},"15":{"name":"(anonymous_15)","decl":{"start":{"line":186,"column":15},"end":{"line":186,"column":16}},"loc":{"start":{"line":187,"column":5},"end":{"line":198,"column":17}},"line":187},"16":{"name":"(anonymous_16)","decl":{"start":{"line":194,"column":20},"end":{"line":194,"column":21}},"loc":{"start":{"line":194,"column":26},"end":{"line":194,"column":53}},"line":194},"17":{"name":"(anonymous_17)","decl":{"start":{"line":195,"column":19},"end":{"line":195,"column":20}},"loc":{"start":{"line":195,"column":25},"end":{"line":195,"column":51}},"line":195},"18":{"name":"(anonymous_18)","decl":{"start":{"line":227,"column":24},"end":{"line":227,"column":25}},"loc":{"start":{"line":227,"column":53},"end":{"line":237,"column":1}},"line":227}},"branchMap":{"0":{"loc":{"start":{"line":38,"column":4},"end":{"line":56,"column":5}},"type":"if","locations":[{"start":{"line":38,"column":4},"end":{"line":56,"column":5}},{"start":{"line":38,"column":4},"end":{"line":56,"column":5}}],"line":38},"1":{"loc":{"start":{"line":74,"column":2},"end":{"line":98,"column":3}},"type":"if","locations":[{"start":{"line":74,"column":2},"end":{"line":98,"column":3}},{"start":{"line":74,"column":2},"end":{"line":98,"column":3}}],"line":74},"2":{"loc":{"start":{"line":75,"column":3},"end":{"line":76,"column":37}},"type":"binary-expr","locations":[{"start":{"line":75,"column":3},"end":{"line":75,"column":37}},{"start":{"line":76,"column":3},"end":{"line":76,"column":37}}],"line":75},"3":{"loc":{"start":{"line":79,"column":9},"end":{"line":98,"column":3}},"type":"if","locations":[{"start":{"line":79,"column":9},"end":{"line":98,"column":3}},{"start":{"line":79,"column":9},"end":{"line":98,"column":3}}],"line":79},"4":{"loc":{"start":{"line":80,"column":3},"end":{"line":81,"column":20}},"type":"binary-expr","locations":[{"start":{"line":80,"column":3},"end":{"line":80,"column":48}},{"start":{"line":81,"column":3},"end":{"line":81,"column":20}}],"line":80},"5":{"loc":{"start":{"line":85,"column":4},"end":{"line":86,"column":51}},"type":"if","locations":[{"start":{"line":85,"column":4},"end":{"line":86,"column":51}},{"start":{"line":85,"column":4},"end":{"line":86,"column":51}}],"line":85},"6":{"loc":{"start":{"line":90,"column":9},"end":{"line":98,"column":3}},"type":"if","locations":[{"start":{"line":90,"column":9},"end":{"line":98,"column":3}},{"start":{"line":90,"column":9},"end":{"line":98,"column":3}}],"line":90},"7":{"loc":{"start":{"line":105,"column":2},"end":{"line":110,"column":3}},"type":"if","locations":[{"start":{"line":105,"column":2},"end":{"line":110,"column":3}},{"start":{"line":105,"column":2},"end":{"line":110,"column":3}}],"line":105},"8":{"loc":{"start":{"line":136,"column":2},"end":{"line":137,"column":71}},"type":"if","locations":[{"start":{"line":136,"column":2},"end":{"line":137,"column":71}},{"start":{"line":136,"column":2},"end":{"line":137,"column":71}}],"line":136},"9":{"loc":{"start":{"line":192,"column":19},"end":{"line":192,"column":71}},"type":"cond-expr","locations":[{"start":{"line":192,"column":33},"end":{"line":192,"column":64}},{"start":{"line":192,"column":67},"end":{"line":192,"column":71}}],"line":192},"10":{"loc":{"start":{"line":205,"column":5},"end":{"line":205,"column":34}},"type":"cond-expr","locations":[{"start":{"line":205,"column":15},"end":{"line":205,"column":26}},{"start":{"line":205,"column":29},"end":{"line":205,"column":34}}],"line":205}},"s":{"0":1,"1":1,"2":0,"3":0,"4":0,"5":0,"6":0,"7":1,"8":1,"9":1,"10":0,"11":1,"12":0,"13":0,"14":0,"15":0,"16":0,"17":1,"18":0,"19":0,"20":0,"21":0,"22":1,"23":0,"24":0,"25":0,"26":0,"27":0,"28":0,"29":0,"30":0,"31":0,"32":0,"33":0,"34":0,"35":0,"36":0,"37":0,"38":0,"39":1,"40":1,"41":1,"42":1,"43":1,"44":0,"45":0,"46":0,"47":1,"48":2,"49":2,"50":0,"51":2},"f":{"0":1,"1":0,"2":0,"3":0,"4":1,"5":0,"6":0,"7":0,"8":0,"9":0,"10":0,"11":0,"12":0,"13":0,"14":1,"15":0,"16":0,"17":0,"18":0},"b":{"0":[0,0],"1":[0,1],"2":[1,1],"3":[0,1],"4":[1,0],"5":[0,0],"6":[0,1],"7":[0,0],"8":[0,0],"9":[0,0],"10":[0,1]},"_coverageSchema":"43e27e138ebf9cfc5966b082cf9a028302ed4184","hash":"b8e9329e374b8c4c253dff05e22910254293bf03"}
,"/Users/brycedbjork/git/evently-app/client/src/components/Profile/Dial.js": {"path":"/Users/brycedbjork/git/evently-app/client/src/components/Profile/Dial.js","statementMap":{"0":{"start":{"line":7,"column":16},"end":{"line":9,"column":1}},"1":{"start":{"line":8,"column":1},"end":{"line":8,"column":29}},"2":{"start":{"line":11,"column":27},"end":{"line":11,"column":29}},"3":{"start":{"line":12,"column":25},"end":{"line":12,"column":27}},"4":{"start":{"line":14,"column":13},"end":{"line":14,"column":16}},"5":{"start":{"line":18,"column":2},"end":{"line":18,"column":15}},"6":{"start":{"line":19,"column":2},"end":{"line":21,"column":4}},"7":{"start":{"line":22,"column":2},"end":{"line":22,"column":41}},"8":{"start":{"line":23,"column":2},"end":{"line":23,"column":39}},"9":{"start":{"line":24,"column":2},"end":{"line":24,"column":51}},"10":{"start":{"line":28,"column":2},"end":{"line":34,"column":3}},"11":{"start":{"line":29,"column":3},"end":{"line":29,"column":15}},"12":{"start":{"line":30,"column":9},"end":{"line":34,"column":3}},"13":{"start":{"line":31,"column":3},"end":{"line":31,"column":15}},"14":{"start":{"line":33,"column":3},"end":{"line":33,"column":16}},"15":{"start":{"line":37,"column":19},"end":{"line":37,"column":34}},"16":{"start":{"line":40,"column":2},"end":{"line":120,"column":5}},"17":{"start":{"line":41,"column":42},"end":{"line":41,"column":46}},"18":{"start":{"line":42,"column":45},"end":{"line":42,"column":49}},"19":{"start":{"line":49,"column":21},"end":{"line":49,"column":47}},"20":{"start":{"line":53,"column":24},"end":{"line":53,"column":50}},"21":{"start":{"line":56,"column":22},"end":{"line":56,"column":54}},"22":{"start":{"line":57,"column":22},"end":{"line":60,"column":5}},"23":{"start":{"line":61,"column":19},"end":{"line":64,"column":5}},"24":{"start":{"line":67,"column":18},"end":{"line":72,"column":5}},"25":{"start":{"line":75,"column":15},"end":{"line":77,"column":40}},"26":{"start":{"line":78,"column":4},"end":{"line":78,"column":27}},"27":{"start":{"line":78,"column":18},"end":{"line":78,"column":27}},"28":{"start":{"line":79,"column":4},"end":{"line":79,"column":27}},"29":{"start":{"line":79,"column":18},"end":{"line":79,"column":27}},"30":{"start":{"line":80,"column":4},"end":{"line":80,"column":28}},"31":{"start":{"line":95,"column":4},"end":{"line":98,"column":5}},"32":{"start":{"line":96,"column":5},"end":{"line":96,"column":36}},"33":{"start":{"line":97,"column":5},"end":{"line":97,"column":31}},"34":{"start":{"line":103,"column":4},"end":{"line":113,"column":5}},"35":{"start":{"line":104,"column":5},"end":{"line":107,"column":16}},"36":{"start":{"line":109,"column":5},"end":{"line":112,"column":16}},"37":{"start":{"line":116,"column":4},"end":{"line":118,"column":5}},"38":{"start":{"line":117,"column":5},"end":{"line":117,"column":42}},"39":{"start":{"line":124,"column":2},"end":{"line":133,"column":5}},"40":{"start":{"line":125,"column":3},"end":{"line":128,"column":5}},"41":{"start":{"line":129,"column":3},"end":{"line":132,"column":5}},"42":{"start":{"line":137,"column":2},"end":{"line":181,"column":4}},"43":{"start":{"line":185,"column":15},"end":{"line":214,"column":2}}},"fnMap":{"0":{"name":"(anonymous_0)","decl":{"start":{"line":7,"column":16},"end":{"line":7,"column":17}},"loc":{"start":{"line":7,"column":24},"end":{"line":9,"column":1}},"line":7},"1":{"name":"(anonymous_1)","decl":{"start":{"line":17,"column":1},"end":{"line":17,"column":2}},"loc":{"start":{"line":17,"column":20},"end":{"line":25,"column":2}},"line":17},"2":{"name":"(anonymous_2)","decl":{"start":{"line":27,"column":1},"end":{"line":27,"column":2}},"loc":{"start":{"line":27,"column":45},"end":{"line":35,"column":2}},"line":27},"3":{"name":"(anonymous_3)","decl":{"start":{"line":37,"column":11},"end":{"line":37,"column":12}},"loc":{"start":{"line":37,"column":19},"end":{"line":37,"column":34}},"line":37},"4":{"name":"(anonymous_4)","decl":{"start":{"line":39,"column":1},"end":{"line":39,"column":2}},"loc":{"start":{"line":39,"column":22},"end":{"line":121,"column":2}},"line":39},"5":{"name":"(anonymous_5)","decl":{"start":{"line":41,"column":36},"end":{"line":41,"column":37}},"loc":{"start":{"line":41,"column":42},"end":{"line":41,"column":46}},"line":41},"6":{"name":"(anonymous_6)","decl":{"start":{"line":42,"column":39},"end":{"line":42,"column":40}},"loc":{"start":{"line":42,"column":45},"end":{"line":42,"column":49}},"line":42},"7":{"name":"(anonymous_7)","decl":{"start":{"line":44,"column":24},"end":{"line":44,"column":25}},"loc":{"start":{"line":44,"column":45},"end":{"line":44,"column":47}},"line":44},"8":{"name":"(anonymous_8)","decl":{"start":{"line":46,"column":23},"end":{"line":46,"column":24}},"loc":{"start":{"line":46,"column":50},"end":{"line":99,"column":4}},"line":46},"9":{"name":"(anonymous_9)","decl":{"start":{"line":101,"column":26},"end":{"line":101,"column":27}},"loc":{"start":{"line":101,"column":45},"end":{"line":119,"column":4}},"line":101},"10":{"name":"(anonymous_10)","decl":{"start":{"line":123,"column":1},"end":{"line":123,"column":2}},"loc":{"start":{"line":123,"column":16},"end":{"line":134,"column":2}},"line":123},"11":{"name":"(anonymous_11)","decl":{"start":{"line":124,"column":20},"end":{"line":124,"column":21}},"loc":{"start":{"line":124,"column":55},"end":{"line":133,"column":3}},"line":124},"12":{"name":"(anonymous_12)","decl":{"start":{"line":136,"column":1},"end":{"line":136,"column":2}},"loc":{"start":{"line":136,"column":10},"end":{"line":182,"column":2}},"line":136}},"branchMap":{"0":{"loc":{"start":{"line":28,"column":2},"end":{"line":34,"column":3}},"type":"if","locations":[{"start":{"line":28,"column":2},"end":{"line":34,"column":3}},{"start":{"line":28,"column":2},"end":{"line":34,"column":3}}],"line":28},"1":{"loc":{"start":{"line":30,"column":9},"end":{"line":34,"column":3}},"type":"if","locations":[{"start":{"line":30,"column":9},"end":{"line":34,"column":3}},{"start":{"line":30,"column":9},"end":{"line":34,"column":3}}],"line":30},"2":{"loc":{"start":{"line":75,"column":15},"end":{"line":77,"column":40}},"type":"cond-expr","locations":[{"start":{"line":76,"column":7},"end":{"line":76,"column":37}},{"start":{"line":77,"column":7},"end":{"line":77,"column":40}}],"line":75},"3":{"loc":{"start":{"line":78,"column":4},"end":{"line":78,"column":27}},"type":"if","locations":[{"start":{"line":78,"column":4},"end":{"line":78,"column":27}},{"start":{"line":78,"column":4},"end":{"line":78,"column":27}}],"line":78},"4":{"loc":{"start":{"line":79,"column":4},"end":{"line":79,"column":27}},"type":"if","locations":[{"start":{"line":79,"column":4},"end":{"line":79,"column":27}},{"start":{"line":79,"column":4},"end":{"line":79,"column":27}}],"line":79},"5":{"loc":{"start":{"line":95,"column":4},"end":{"line":98,"column":5}},"type":"if","locations":[{"start":{"line":95,"column":4},"end":{"line":98,"column":5}},{"start":{"line":95,"column":4},"end":{"line":98,"column":5}}],"line":95},"6":{"loc":{"start":{"line":103,"column":4},"end":{"line":113,"column":5}},"type":"if","locations":[{"start":{"line":103,"column":4},"end":{"line":113,"column":5}},{"start":{"line":103,"column":4},"end":{"line":113,"column":5}}],"line":103},"7":{"loc":{"start":{"line":116,"column":4},"end":{"line":118,"column":5}},"type":"if","locations":[{"start":{"line":116,"column":4},"end":{"line":118,"column":5}},{"start":{"line":116,"column":4},"end":{"line":118,"column":5}}],"line":116},"8":{"loc":{"start":{"line":165,"column":5},"end":{"line":179,"column":5}},"type":"binary-expr","locations":[{"start":{"line":165,"column":5},"end":{"line":165,"column":23}},{"start":{"line":166,"column":5},"end":{"line":178,"column":21}}],"line":165}},"s":{"0":2,"1":1,"2":2,"3":2,"4":2,"5":1,"6":1,"7":1,"8":1,"9":1,"10":0,"11":0,"12":0,"13":0,"14":0,"15":0,"16":1,"17":0,"18":0,"19":0,"20":0,"21":0,"22":0,"23":0,"24":0,"25":0,"26":0,"27":0,"28":0,"29":0,"30":0,"31":0,"32":0,"33":0,"34":0,"35":0,"36":0,"37":0,"38":0,"39":0,"40":0,"41":0,"42":1,"43":2},"f":{"0":1,"1":1,"2":0,"3":0,"4":1,"5":0,"6":0,"7":0,"8":0,"9":0,"10":0,"11":0,"12":1},"b":{"0":[0,0],"1":[0,0],"2":[0,0],"3":[0,0],"4":[0,0],"5":[0,0],"6":[0,0],"7":[0,0],"8":[1,1]},"_coverageSchema":"43e27e138ebf9cfc5966b082cf9a028302ed4184","hash":"c3183739996c0f21b0686d62835a951bd5b9f661"}
,"/Users/brycedbjork/git/evently-app/client/src/components/Profile/index.js": {"path":"/Users/brycedbjork/git/evently-app/client/src/components/Profile/index.js","statementMap":{"0":{"start":{"line":18,"column":16},"end":{"line":18,"column":18}},"1":{"start":{"line":19,"column":2},"end":{"line":41,"column":3}},"2":{"start":{"line":19,"column":15},"end":{"line":19,"column":16}},"3":{"start":{"line":20,"column":22},"end":{"line":20,"column":36}},"4":{"start":{"line":22,"column":4},"end":{"line":25,"column":8}},"5":{"start":{"line":26,"column":3},"end":{"line":40,"column":5}},"6":{"start":{"line":32,"column":6},"end":{"line":37,"column":9}},"7":{"start":{"line":36,"column":7},"end":{"line":36,"column":61}},"8":{"start":{"line":43,"column":2},"end":{"line":51,"column":4}},"9":{"start":{"line":55,"column":15},"end":{"line":78,"column":2}},"10":{"start":{"line":80,"column":24},"end":{"line":85,"column":1}},"11":{"start":{"line":81,"column":1},"end":{"line":84,"column":3}},"12":{"start":{"line":87,"column":27},"end":{"line":89,"column":1}}},"fnMap":{"0":{"name":"(anonymous_0)","decl":{"start":{"line":17,"column":1},"end":{"line":17,"column":2}},"loc":{"start":{"line":17,"column":10},"end":{"line":52,"column":2}},"line":17},"1":{"name":"(anonymous_1)","decl":{"start":{"line":31,"column":15},"end":{"line":31,"column":16}},"loc":{"start":{"line":31,"column":24},"end":{"line":38,"column":6}},"line":31},"2":{"name":"(anonymous_2)","decl":{"start":{"line":34,"column":14},"end":{"line":34,"column":15}},"loc":{"start":{"line":34,"column":20},"end":{"line":37,"column":7}},"line":34},"3":{"name":"(anonymous_3)","decl":{"start":{"line":80,"column":24},"end":{"line":80,"column":25}},"loc":{"start":{"line":80,"column":33},"end":{"line":85,"column":1}},"line":80}},"branchMap":{"0":{"loc":{"start":{"line":22,"column":4},"end":{"line":25,"column":8}},"type":"cond-expr","locations":[{"start":{"line":24,"column":7},"end":{"line":24,"column":57}},{"start":{"line":25,"column":7},"end":{"line":25,"column":8}}],"line":22},"1":{"loc":{"start":{"line":22,"column":4},"end":{"line":23,"column":56}},"type":"binary-expr","locations":[{"start":{"line":22,"column":4},"end":{"line":22,"column":39}},{"start":{"line":23,"column":4},"end":{"line":23,"column":56}}],"line":22},"2":{"loc":{"start":{"line":64,"column":14},"end":{"line":64,"column":28}},"type":"cond-expr","locations":[{"start":{"line":64,"column":21},"end":{"line":64,"column":23}},{"start":{"line":64,"column":26},"end":{"line":64,"column":28}}],"line":64}},"s":{"0":1,"1":1,"2":1,"3":4,"4":4,"5":4,"6":0,"7":0,"8":1,"9":2,"10":2,"11":0,"12":2},"f":{"0":1,"1":0,"2":0,"3":0},"b":{"0":[0,4],"1":[4,0],"2":[0,2]},"_coverageSchema":"43e27e138ebf9cfc5966b082cf9a028302ed4184","hash":"1a81a03a6cb0c2e6cac437d58220869935702384"}
,"/Users/brycedbjork/git/evently-app/client/src/components/Timeline/CalendarButton.js": {"path":"/Users/brycedbjork/git/evently-app/client/src/components/Timeline/CalendarButton.js","statementMap":{"0":{"start":{"line":14,"column":23},"end":{"line":81,"column":1}},"1":{"start":{"line":15,"column":20},"end":{"line":15,"column":37}},"2":{"start":{"line":18,"column":2},"end":{"line":18,"column":52}},"3":{"start":{"line":19,"column":2},"end":{"line":19,"column":47}},"4":{"start":{"line":20,"column":2},"end":{"line":20,"column":13}},"5":{"start":{"line":23,"column":1},"end":{"line":38,"column":2}},"6":{"start":{"line":24,"column":2},"end":{"line":24,"column":35}},"7":{"start":{"line":25,"column":2},"end":{"line":37,"column":4}},"8":{"start":{"line":30,"column":3},"end":{"line":34,"column":5}},"9":{"start":{"line":33,"column":4},"end":{"line":33,"column":20}},"10":{"start":{"line":36,"column":3},"end":{"line":36,"column":52}},"11":{"start":{"line":40,"column":1},"end":{"line":61,"column":2}},"12":{"start":{"line":41,"column":2},"end":{"line":58,"column":4}},"13":{"start":{"line":42,"column":3},"end":{"line":53,"column":4}},"14":{"start":{"line":43,"column":4},"end":{"line":43,"column":30}},"15":{"start":{"line":44,"column":4},"end":{"line":44,"column":41}},"16":{"start":{"line":46,"column":8},"end":{"line":53,"column":4}},"17":{"start":{"line":47,"column":4},"end":{"line":52,"column":6}},"18":{"start":{"line":48,"column":5},"end":{"line":48,"column":56}},"19":{"start":{"line":51,"column":5},"end":{"line":51,"column":21}},"20":{"start":{"line":57,"column":3},"end":{"line":57,"column":19}},"21":{"start":{"line":60,"column":2},"end":{"line":60,"column":53}},"22":{"start":{"line":63,"column":1},"end":{"line":80,"column":3}},"23":{"start":{"line":69,"column":4},"end":{"line":69,"column":54}},"24":{"start":{"line":83,"column":15},"end":{"line":105,"column":2}},"25":{"start":{"line":108,"column":24},"end":{"line":112,"column":1}},"26":{"start":{"line":109,"column":1},"end":{"line":111,"column":3}}},"fnMap":{"0":{"name":"(anonymous_0)","decl":{"start":{"line":14,"column":23},"end":{"line":14,"column":24}},"loc":{"start":{"line":14,"column":67},"end":{"line":81,"column":1}},"line":14},"1":{"name":"formatDay","decl":{"start":{"line":17,"column":10},"end":{"line":17,"column":19}},"loc":{"start":{"line":17,"column":26},"end":{"line":21,"column":2}},"line":17},"2":{"name":"(anonymous_2)","decl":{"start":{"line":23,"column":17},"end":{"line":23,"column":18}},"loc":{"start":{"line":23,"column":54},"end":{"line":38,"column":2}},"line":23},"3":{"name":"(anonymous_3)","decl":{"start":{"line":28,"column":10},"end":{"line":28,"column":11}},"loc":{"start":{"line":28,"column":17},"end":{"line":35,"column":3}},"line":28},"4":{"name":"(anonymous_4)","decl":{"start":{"line":30,"column":41},"end":{"line":30,"column":42}},"loc":{"start":{"line":30,"column":48},"end":{"line":31,"column":4}},"line":30},"5":{"name":"(anonymous_5)","decl":{"start":{"line":32,"column":10},"end":{"line":32,"column":11}},"loc":{"start":{"line":32,"column":19},"end":{"line":34,"column":4}},"line":32},"6":{"name":"(anonymous_6)","decl":{"start":{"line":35,"column":11},"end":{"line":35,"column":12}},"loc":{"start":{"line":35,"column":20},"end":{"line":37,"column":3}},"line":35},"7":{"name":"(anonymous_7)","decl":{"start":{"line":40,"column":16},"end":{"line":40,"column":17}},"loc":{"start":{"line":40,"column":57},"end":{"line":61,"column":2}},"line":40},"8":{"name":"(anonymous_8)","decl":{"start":{"line":41,"column":46},"end":{"line":41,"column":47}},"loc":{"start":{"line":41,"column":53},"end":{"line":55,"column":3}},"line":41},"9":{"name":"(anonymous_9)","decl":{"start":{"line":47,"column":49},"end":{"line":47,"column":50}},"loc":{"start":{"line":47,"column":56},"end":{"line":49,"column":5}},"line":47},"10":{"name":"(anonymous_10)","decl":{"start":{"line":50,"column":11},"end":{"line":50,"column":12}},"loc":{"start":{"line":50,"column":19},"end":{"line":52,"column":5}},"line":50},"11":{"name":"(anonymous_11)","decl":{"start":{"line":56,"column":9},"end":{"line":56,"column":10}},"loc":{"start":{"line":56,"column":17},"end":{"line":58,"column":3}},"line":56},"12":{"name":"(anonymous_12)","decl":{"start":{"line":67,"column":14},"end":{"line":67,"column":15}},"loc":{"start":{"line":67,"column":20},"end":{"line":70,"column":4}},"line":67},"13":{"name":"(anonymous_13)","decl":{"start":{"line":108,"column":24},"end":{"line":108,"column":25}},"loc":{"start":{"line":108,"column":38},"end":{"line":112,"column":1}},"line":108}},"branchMap":{"0":{"loc":{"start":{"line":42,"column":3},"end":{"line":53,"column":4}},"type":"if","locations":[{"start":{"line":42,"column":3},"end":{"line":53,"column":4}},{"start":{"line":42,"column":3},"end":{"line":53,"column":4}}],"line":42},"1":{"loc":{"start":{"line":46,"column":8},"end":{"line":53,"column":4}},"type":"if","locations":[{"start":{"line":46,"column":8},"end":{"line":53,"column":4}},{"start":{"line":46,"column":8},"end":{"line":53,"column":4}}],"line":46}},"s":{"0":2,"1":0,"2":0,"3":0,"4":0,"5":0,"6":0,"7":0,"8":0,"9":0,"10":0,"11":0,"12":0,"13":0,"14":0,"15":0,"16":0,"17":0,"18":0,"19":0,"20":0,"21":0,"22":0,"23":0,"24":2,"25":2,"26":0},"f":{"0":0,"1":0,"2":0,"3":0,"4":0,"5":0,"6":0,"7":0,"8":0,"9":0,"10":0,"11":0,"12":0,"13":0},"b":{"0":[0,0],"1":[0,0]},"_coverageSchema":"43e27e138ebf9cfc5966b082cf9a028302ed4184","hash":"e48d886c655f3d7981dbc96796e68665a0701db1"}
,"/Users/brycedbjork/git/evently-app/client/src/components/Timeline/EventCardPreview.js": {"path":"/Users/brycedbjork/git/evently-app/client/src/components/Timeline/EventCardPreview.js","statementMap":{"0":{"start":{"line":19,"column":20},"end":{"line":27,"column":1}},"1":{"start":{"line":20,"column":1},"end":{"line":26,"column":3}},"2":{"start":{"line":29,"column":20},"end":{"line":29,"column":23}},"3":{"start":{"line":50,"column":6},"end":{"line":50,"column":16}},"4":{"start":{"line":52,"column":2},"end":{"line":135,"column":4}},"5":{"start":{"line":55,"column":5},"end":{"line":58,"column":16}},"6":{"start":{"line":61,"column":5},"end":{"line":64,"column":16}},"7":{"start":{"line":105,"column":7},"end":{"line":108,"column":18}},"8":{"start":{"line":111,"column":7},"end":{"line":114,"column":18}},"9":{"start":{"line":139,"column":15},"end":{"line":201,"column":2}}},"fnMap":{"0":{"name":"(anonymous_0)","decl":{"start":{"line":19,"column":20},"end":{"line":19,"column":21}},"loc":{"start":{"line":19,"column":26},"end":{"line":27,"column":1}},"line":19},"1":{"name":"(anonymous_1)","decl":{"start":{"line":35,"column":1},"end":{"line":35,"column":2}},"loc":{"start":{"line":35,"column":10},"end":{"line":136,"column":2}},"line":35},"2":{"name":"(anonymous_2)","decl":{"start":{"line":54,"column":15},"end":{"line":54,"column":16}},"loc":{"start":{"line":54,"column":21},"end":{"line":59,"column":5}},"line":54},"3":{"name":"(anonymous_3)","decl":{"start":{"line":60,"column":16},"end":{"line":60,"column":17}},"loc":{"start":{"line":60,"column":22},"end":{"line":65,"column":5}},"line":60},"4":{"name":"(anonymous_4)","decl":{"start":{"line":104,"column":17},"end":{"line":104,"column":18}},"loc":{"start":{"line":104,"column":23},"end":{"line":109,"column":7}},"line":104},"5":{"name":"(anonymous_5)","decl":{"start":{"line":110,"column":18},"end":{"line":110,"column":19}},"loc":{"start":{"line":110,"column":24},"end":{"line":115,"column":7}},"line":110}},"branchMap":{"0":{"loc":{"start":{"line":89,"column":7},"end":{"line":89,"column":35}},"type":"binary-expr","locations":[{"start":{"line":89,"column":7},"end":{"line":89,"column":16}},{"start":{"line":89,"column":20},"end":{"line":89,"column":35}}],"line":89},"1":{"loc":{"start":{"line":91,"column":6},"end":{"line":91,"column":45}},"type":"binary-expr","locations":[{"start":{"line":91,"column":6},"end":{"line":91,"column":12}},{"start":{"line":91,"column":16},"end":{"line":91,"column":45}}],"line":91},"2":{"loc":{"start":{"line":92,"column":6},"end":{"line":102,"column":6}},"type":"cond-expr","locations":[{"start":{"line":93,"column":6},"end":{"line":99,"column":8}},{"start":{"line":101,"column":6},"end":{"line":101,"column":21}}],"line":92},"3":{"loc":{"start":{"line":126,"column":8},"end":{"line":130,"column":8}},"type":"binary-expr","locations":[{"start":{"line":126,"column":8},"end":{"line":126,"column":16}},{"start":{"line":127,"column":8},"end":{"line":129,"column":23}}],"line":126}},"s":{"0":2,"1":0,"2":2,"3":1,"4":1,"5":0,"6":0,"7":0,"8":0,"9":2},"f":{"0":0,"1":1,"2":0,"3":0,"4":0,"5":0},"b":{"0":[1,0],"1":[1,0],"2":[1,0],"3":[1,0]},"_coverageSchema":"43e27e138ebf9cfc5966b082cf9a028302ed4184","hash":"106a012692dbfc576bf0011587774295c1dbd1b4"}
,"/Users/brycedbjork/git/evently-app/client/src/components/Timeline/index.js": {"path":"/Users/brycedbjork/git/evently-app/client/src/components/Timeline/index.js","statementMap":{"0":{"start":{"line":22,"column":26},"end":{"line":22,"column":60}},"1":{"start":{"line":23,"column":25},"end":{"line":23,"column":26}},"2":{"start":{"line":24,"column":32},"end":{"line":24,"column":34}},"3":{"start":{"line":26,"column":20},"end":{"line":26,"column":23}},"4":{"start":{"line":27,"column":30},"end":{"line":27,"column":32}},"5":{"start":{"line":31,"column":13},"end":{"line":31,"column":28}},"6":{"start":{"line":32,"column":15},"end":{"line":32,"column":32}},"7":{"start":{"line":33,"column":14},"end":{"line":33,"column":39}},"8":{"start":{"line":34,"column":1},"end":{"line":34,"column":20}},"9":{"start":{"line":35,"column":1},"end":{"line":35,"column":28}},"10":{"start":{"line":36,"column":1},"end":{"line":36,"column":71}},"11":{"start":{"line":37,"column":1},"end":{"line":37,"column":43}},"12":{"start":{"line":42,"column":1},"end":{"line":42,"column":43}},"13":{"start":{"line":46,"column":15},"end":{"line":46,"column":36}},"14":{"start":{"line":47,"column":15},"end":{"line":47,"column":36}},"15":{"start":{"line":48,"column":1},"end":{"line":48,"column":51}},"16":{"start":{"line":52,"column":12},"end":{"line":52,"column":14}},"17":{"start":{"line":53,"column":13},"end":{"line":53,"column":15}},"18":{"start":{"line":54,"column":16},"end":{"line":54,"column":18}},"19":{"start":{"line":55,"column":13},"end":{"line":55,"column":15}},"20":{"start":{"line":56,"column":1},"end":{"line":78,"column":2}},"21":{"start":{"line":56,"column":14},"end":{"line":56,"column":15}},"22":{"start":{"line":57,"column":15},"end":{"line":57,"column":22}},"23":{"start":{"line":59,"column":2},"end":{"line":59,"column":29}},"24":{"start":{"line":61,"column":12},"end":{"line":61,"column":22}},"25":{"start":{"line":62,"column":17},"end":{"line":62,"column":27}},"26":{"start":{"line":63,"column":2},"end":{"line":63,"column":43}},"27":{"start":{"line":64,"column":18},"end":{"line":64,"column":42}},"28":{"start":{"line":65,"column":16},"end":{"line":65,"column":38}},"29":{"start":{"line":67,"column":2},"end":{"line":77,"column":3}},"30":{"start":{"line":68,"column":3},"end":{"line":68,"column":19}},"31":{"start":{"line":69,"column":9},"end":{"line":77,"column":3}},"32":{"start":{"line":70,"column":3},"end":{"line":70,"column":20}},"33":{"start":{"line":71,"column":9},"end":{"line":77,"column":3}},"34":{"start":{"line":74,"column":3},"end":{"line":74,"column":23}},"35":{"start":{"line":76,"column":3},"end":{"line":76,"column":20}},"36":{"start":{"line":81,"column":1},"end":{"line":81,"column":19}},"37":{"start":{"line":82,"column":1},"end":{"line":82,"column":20}},"38":{"start":{"line":83,"column":1},"end":{"line":83,"column":23}},"39":{"start":{"line":84,"column":1},"end":{"line":84,"column":20}},"40":{"start":{"line":86,"column":16},"end":{"line":86,"column":18}},"41":{"start":{"line":87,"column":1},"end":{"line":89,"column":2}},"42":{"start":{"line":88,"column":2},"end":{"line":88,"column":47}},"43":{"start":{"line":90,"column":1},"end":{"line":92,"column":2}},"44":{"start":{"line":91,"column":2},"end":{"line":91,"column":49}},"45":{"start":{"line":93,"column":1},"end":{"line":95,"column":2}},"46":{"start":{"line":94,"column":2},"end":{"line":94,"column":55}},"47":{"start":{"line":96,"column":1},"end":{"line":98,"column":2}},"48":{"start":{"line":97,"column":2},"end":{"line":97,"column":49}},"49":{"start":{"line":101,"column":2},"end":{"line":103,"column":36}},"50":{"start":{"line":105,"column":1},"end":{"line":105,"column":54}},"51":{"start":{"line":105,"column":30},"end":{"line":105,"column":54}},"52":{"start":{"line":107,"column":1},"end":{"line":107,"column":42}},"53":{"start":{"line":121,"column":2},"end":{"line":130,"column":3}},"54":{"start":{"line":122,"column":3},"end":{"line":122,"column":15}},"55":{"start":{"line":124,"column":3},"end":{"line":128,"column":4}},"56":{"start":{"line":124,"column":14},"end":{"line":124,"column":15}},"57":{"start":{"line":125,"column":4},"end":{"line":127,"column":5}},"58":{"start":{"line":126,"column":5},"end":{"line":126,"column":16}},"59":{"start":{"line":129,"column":3},"end":{"line":129,"column":16}},"60":{"start":{"line":134,"column":2},"end":{"line":162,"column":5}},"61":{"start":{"line":135,"column":42},"end":{"line":135,"column":46}},"62":{"start":{"line":136,"column":45},"end":{"line":136,"column":49}},"63":{"start":{"line":141,"column":32},"end":{"line":141,"column":46}},"64":{"start":{"line":142,"column":27},"end":{"line":142,"column":56}},"65":{"start":{"line":143,"column":27},"end":{"line":143,"column":61}},"66":{"start":{"line":144,"column":4},"end":{"line":149,"column":10}},"67":{"start":{"line":151,"column":46},"end":{"line":153,"column":5}},"68":{"start":{"line":154,"column":4},"end":{"line":154,"column":66}},"69":{"start":{"line":164,"column":2},"end":{"line":171,"column":6}},"70":{"start":{"line":167,"column":4},"end":{"line":167,"column":35}},"71":{"start":{"line":170,"column":4},"end":{"line":170,"column":23}},"72":{"start":{"line":175,"column":16},"end":{"line":175,"column":26}},"73":{"start":{"line":176,"column":44},"end":{"line":178,"column":3}},"74":{"start":{"line":180,"column":34},"end":{"line":190,"column":3}},"75":{"start":{"line":192,"column":30},"end":{"line":192,"column":75}},"76":{"start":{"line":193,"column":2},"end":{"line":249,"column":4}},"77":{"start":{"line":196,"column":23},"end":{"line":196,"column":47}},"78":{"start":{"line":201,"column":22},"end":{"line":201,"column":46}},"79":{"start":{"line":202,"column":20},"end":{"line":202,"column":42}},"80":{"start":{"line":203,"column":6},"end":{"line":230,"column":8}},"81":{"start":{"line":225,"column":9},"end":{"line":227,"column":10}},"82":{"start":{"line":226,"column":10},"end":{"line":226,"column":42}},"83":{"start":{"line":233,"column":6},"end":{"line":235,"column":13}},"84":{"start":{"line":238,"column":36},"end":{"line":238,"column":48}},"85":{"start":{"line":253,"column":15},"end":{"line":293,"column":2}},"86":{"start":{"line":295,"column":24},"end":{"line":300,"column":1}},"87":{"start":{"line":296,"column":1},"end":{"line":299,"column":3}},"88":{"start":{"line":302,"column":27},"end":{"line":304,"column":1}}},"fnMap":{"0":{"name":"formatAMPM","decl":{"start":{"line":30,"column":9},"end":{"line":30,"column":19}},"loc":{"start":{"line":30,"column":26},"end":{"line":38,"column":1}},"line":30},"1":{"name":"formatDay","decl":{"start":{"line":41,"column":9},"end":{"line":41,"column":18}},"loc":{"start":{"line":41,"column":25},"end":{"line":43,"column":1}},"line":41},"2":{"name":"sortFn","decl":{"start":{"line":45,"column":9},"end":{"line":45,"column":15}},"loc":{"start":{"line":45,"column":22},"end":{"line":49,"column":1}},"line":45},"3":{"name":"compileSections","decl":{"start":{"line":51,"column":9},"end":{"line":51,"column":24}},"loc":{"start":{"line":51,"column":31},"end":{"line":108,"column":1}},"line":51},"4":{"name":"(anonymous_4)","decl":{"start":{"line":120,"column":1},"end":{"line":120,"column":2}},"loc":{"start":{"line":120,"column":45},"end":{"line":131,"column":2}},"line":120},"5":{"name":"(anonymous_5)","decl":{"start":{"line":133,"column":1},"end":{"line":133,"column":2}},"loc":{"start":{"line":133,"column":22},"end":{"line":172,"column":2}},"line":133},"6":{"name":"(anonymous_6)","decl":{"start":{"line":135,"column":36},"end":{"line":135,"column":37}},"loc":{"start":{"line":135,"column":42},"end":{"line":135,"column":46}},"line":135},"7":{"name":"(anonymous_7)","decl":{"start":{"line":136,"column":39},"end":{"line":136,"column":40}},"loc":{"start":{"line":136,"column":45},"end":{"line":136,"column":49}},"line":136},"8":{"name":"(anonymous_8)","decl":{"start":{"line":138,"column":24},"end":{"line":138,"column":25}},"loc":{"start":{"line":138,"column":45},"end":{"line":138,"column":47}},"line":138},"9":{"name":"(anonymous_9)","decl":{"start":{"line":140,"column":23},"end":{"line":140,"column":24}},"loc":{"start":{"line":140,"column":42},"end":{"line":159,"column":4}},"line":140},"10":{"name":"(anonymous_10)","decl":{"start":{"line":161,"column":26},"end":{"line":161,"column":27}},"loc":{"start":{"line":161,"column":45},"end":{"line":161,"column":47}},"line":161},"11":{"name":"(anonymous_11)","decl":{"start":{"line":166,"column":9},"end":{"line":166,"column":10}},"loc":{"start":{"line":166,"column":15},"end":{"line":168,"column":4}},"line":166},"12":{"name":"(anonymous_12)","decl":{"start":{"line":169,"column":10},"end":{"line":169,"column":11}},"loc":{"start":{"line":169,"column":19},"end":{"line":171,"column":4}},"line":169},"13":{"name":"(anonymous_13)","decl":{"start":{"line":174,"column":1},"end":{"line":174,"column":2}},"loc":{"start":{"line":174,"column":10},"end":{"line":250,"column":2}},"line":174},"14":{"name":"(anonymous_14)","decl":{"start":{"line":196,"column":10},"end":{"line":196,"column":11}},"loc":{"start":{"line":196,"column":23},"end":{"line":196,"column":47}},"line":196},"15":{"name":"(anonymous_15)","decl":{"start":{"line":200,"column":17},"end":{"line":200,"column":18}},"loc":{"start":{"line":200,"column":47},"end":{"line":231,"column":6}},"line":200},"16":{"name":"(anonymous_16)","decl":{"start":{"line":221,"column":18},"end":{"line":221,"column":19}},"loc":{"start":{"line":221,"column":24},"end":{"line":223,"column":9}},"line":221},"17":{"name":"(anonymous_17)","decl":{"start":{"line":224,"column":17},"end":{"line":224,"column":18}},"loc":{"start":{"line":224,"column":23},"end":{"line":228,"column":9}},"line":224},"18":{"name":"(anonymous_18)","decl":{"start":{"line":232,"column":26},"end":{"line":232,"column":27}},"loc":{"start":{"line":233,"column":6},"end":{"line":235,"column":13}},"line":233},"19":{"name":"(anonymous_19)","decl":{"start":{"line":238,"column":19},"end":{"line":238,"column":20}},"loc":{"start":{"line":238,"column":36},"end":{"line":238,"column":48}},"line":238},"20":{"name":"(anonymous_20)","decl":{"start":{"line":295,"column":24},"end":{"line":295,"column":25}},"loc":{"start":{"line":295,"column":35},"end":{"line":300,"column":1}},"line":295}},"branchMap":{"0":{"loc":{"start":{"line":22,"column":43},"end":{"line":22,"column":59}},"type":"cond-expr","locations":[{"start":{"line":22,"column":50},"end":{"line":22,"column":53}},{"start":{"line":22,"column":56},"end":{"line":22,"column":59}}],"line":22},"1":{"loc":{"start":{"line":33,"column":14},"end":{"line":33,"column":39}},"type":"cond-expr","locations":[{"start":{"line":33,"column":28},"end":{"line":33,"column":32}},{"start":{"line":33,"column":35},"end":{"line":33,"column":39}}],"line":33},"2":{"loc":{"start":{"line":35,"column":9},"end":{"line":35,"column":27}},"type":"cond-expr","locations":[{"start":{"line":35,"column":17},"end":{"line":35,"column":22}},{"start":{"line":35,"column":25},"end":{"line":35,"column":27}}],"line":35},"3":{"loc":{"start":{"line":36,"column":11},"end":{"line":36,"column":70}},"type":"cond-expr","locations":[{"start":{"line":36,"column":24},"end":{"line":36,"column":62}},{"start":{"line":36,"column":66},"end":{"line":36,"column":70}}],"line":36},"4":{"loc":{"start":{"line":36,"column":24},"end":{"line":36,"column":62}},"type":"cond-expr","locations":[{"start":{"line":36,"column":39},"end":{"line":36,"column":52}},{"start":{"line":36,"column":55},"end":{"line":36,"column":62}}],"line":36},"5":{"loc":{"start":{"line":48,"column":8},"end":{"line":48,"column":50}},"type":"cond-expr","locations":[{"start":{"line":48,"column":24},"end":{"line":48,"column":26}},{"start":{"line":48,"column":29},"end":{"line":48,"column":50}}],"line":48},"6":{"loc":{"start":{"line":48,"column":29},"end":{"line":48,"column":50}},"type":"cond-expr","locations":[{"start":{"line":48,"column":45},"end":{"line":48,"column":46}},{"start":{"line":48,"column":49},"end":{"line":48,"column":50}}],"line":48},"7":{"loc":{"start":{"line":67,"column":2},"end":{"line":77,"column":3}},"type":"if","locations":[{"start":{"line":67,"column":2},"end":{"line":77,"column":3}},{"start":{"line":67,"column":2},"end":{"line":77,"column":3}}],"line":67},"8":{"loc":{"start":{"line":69,"column":9},"end":{"line":77,"column":3}},"type":"if","locations":[{"start":{"line":69,"column":9},"end":{"line":77,"column":3}},{"start":{"line":69,"column":9},"end":{"line":77,"column":3}}],"line":69},"9":{"loc":{"start":{"line":71,"column":9},"end":{"line":77,"column":3}},"type":"if","locations":[{"start":{"line":71,"column":9},"end":{"line":77,"column":3}},{"start":{"line":71,"column":9},"end":{"line":77,"column":3}}],"line":71},"10":{"loc":{"start":{"line":87,"column":1},"end":{"line":89,"column":2}},"type":"if","locations":[{"start":{"line":87,"column":1},"end":{"line":89,"column":2}},{"start":{"line":87,"column":1},"end":{"line":89,"column":2}}],"line":87},"11":{"loc":{"start":{"line":90,"column":1},"end":{"line":92,"column":2}},"type":"if","locations":[{"start":{"line":90,"column":1},"end":{"line":92,"column":2}},{"start":{"line":90,"column":1},"end":{"line":92,"column":2}}],"line":90},"12":{"loc":{"start":{"line":93,"column":1},"end":{"line":95,"column":2}},"type":"if","locations":[{"start":{"line":93,"column":1},"end":{"line":95,"column":2}},{"start":{"line":93,"column":1},"end":{"line":95,"column":2}}],"line":93},"13":{"loc":{"start":{"line":96,"column":1},"end":{"line":98,"column":2}},"type":"if","locations":[{"start":{"line":96,"column":1},"end":{"line":98,"column":2}},{"start":{"line":96,"column":1},"end":{"line":98,"column":2}}],"line":96},"14":{"loc":{"start":{"line":103,"column":20},"end":{"line":103,"column":34}},"type":"cond-expr","locations":[{"start":{"line":103,"column":27},"end":{"line":103,"column":29}},{"start":{"line":103,"column":32},"end":{"line":103,"column":34}}],"line":103},"15":{"loc":{"start":{"line":105,"column":1},"end":{"line":105,"column":54}},"type":"if","locations":[{"start":{"line":105,"column":1},"end":{"line":105,"column":54}},{"start":{"line":105,"column":1},"end":{"line":105,"column":54}}],"line":105},"16":{"loc":{"start":{"line":121,"column":2},"end":{"line":130,"column":3}},"type":"if","locations":[{"start":{"line":121,"column":2},"end":{"line":130,"column":3}},{"start":{"line":121,"column":2},"end":{"line":130,"column":3}}],"line":121},"17":{"loc":{"start":{"line":125,"column":4},"end":{"line":127,"column":5}},"type":"if","locations":[{"start":{"line":125,"column":4},"end":{"line":127,"column":5}},{"start":{"line":125,"column":4},"end":{"line":127,"column":5}}],"line":125},"18":{"loc":{"start":{"line":141,"column":32},"end":{"line":141,"column":46}},"type":"cond-expr","locations":[{"start":{"line":141,"column":39},"end":{"line":141,"column":41}},{"start":{"line":141,"column":44},"end":{"line":141,"column":46}}],"line":141},"19":{"loc":{"start":{"line":145,"column":5},"end":{"line":149,"column":9}},"type":"cond-expr","locations":[{"start":{"line":146,"column":8},"end":{"line":148,"column":10}},{"start":{"line":149,"column":8},"end":{"line":149,"column":9}}],"line":145},"20":{"loc":{"start":{"line":146,"column":8},"end":{"line":148,"column":10}},"type":"cond-expr","locations":[{"start":{"line":147,"column":9},"end":{"line":147,"column":25}},{"start":{"line":148,"column":9},"end":{"line":148,"column":10}}],"line":146},"21":{"loc":{"start":{"line":214,"column":9},"end":{"line":216,"column":16}},"type":"cond-expr","locations":[{"start":{"line":215,"column":12},"end":{"line":215,"column":32}},{"start":{"line":216,"column":12},"end":{"line":216,"column":16}}],"line":214},"22":{"loc":{"start":{"line":220,"column":16},"end":{"line":220,"colum
[...]
,"/Users/brycedbjork/git/evently-app/client/src/redux/timeline.js": {"path":"/Users/brycedbjork/git/evently-app/client/src/redux/timeline.js","statementMap":{"0":{"start":{"line":8,"column":16},"end":{"line":8,"column":36}},"1":{"start":{"line":13,"column":21},"end":{"line":18,"column":1}},"2":{"start":{"line":21,"column":30},"end":{"line":21,"column":63}},"3":{"start":{"line":22,"column":34},"end":{"line":22,"column":71}},"4":{"start":{"line":23,"column":37},"end":{"line":23,"column":77}},"5":{"start":{"line":24,"column":37},"end":{"line":24,"column":77}},"6":{"start":{"line":25,"column":20},"end":{"line":25,"column":43}},"7":{"start":{"line":32,"column":1},"end":{"line":67,"column":2}},"8":{"start":{"line":34,"column":3},"end":{"line":34,"column":23}},"9":{"start":{"line":37,"column":3},"end":{"line":40,"column":5}},"10":{"start":{"line":43,"column":3},"end":{"line":48,"column":5}},"11":{"start":{"line":51,"column":3},"end":{"line":55,"column":5}},"12":{"start":{"line":59,"column":23},"end":{"line":59,"column":56}},"13":{"start":{"line":60,"column":3},"end":{"line":63,"column":5}},"14":{"start":{"line":66,"column":3},"end":{"line":66,"column":16}},"15":{"start":{"line":72,"column":32},"end":{"line":74,"column":2}},"16":{"start":{"line":72,"column":39},"end":{"line":74,"column":1}},"17":{"start":{"line":76,"column":35},"end":{"line":79,"column":2}},"18":{"start":{"line":76,"column":44},"end":{"line":79,"column":1}},"19":{"start":{"line":81,"column":35},"end":{"line":86,"column":1}},"20":{"start":{"line":82,"column":1},"end":{"line":85,"column":3}},"21":{"start":{"line":88,"column":29},"end":{"line":92,"column":1}},"22":{"start":{"line":89,"column":1},"end":{"line":91,"column":3}},"23":{"start":{"line":94,"column":20},"end":{"line":99,"column":1}},"24":{"start":{"line":95,"column":1},"end":{"line":98,"column":3}},"25":{"start":{"line":103,"column":26},"end":{"line":128,"column":1}},"26":{"start":{"line":104,"column":1},"end":{"line":127,"column":3}},"27":{"start":{"line":105,"column":2},"end":{"line":126,"column":5}},"28":{"start":{"line":106,"column":17},"end":{"line":106,"column":27}},"29":{"start":{"line":108,"column":19},"end":{"line":108,"column":29}},"30":{"start":{"line":109,"column":18},"end":{"line":109,"column":23}},"31":{"start":{"line":112,"column":3},"end":{"line":112,"column":19}},"32":{"start":{"line":113,"column":3},"end":{"line":113,"column":25}},"33":{"start":{"line":115,"column":3},"end":{"line":125,"column":19}},"34":{"start":{"line":130,"column":25},"end":{"line":145,"column":1}},"35":{"start":{"line":131,"column":1},"end":{"line":144,"column":3}},"36":{"start":{"line":132,"column":2},"end":{"line":143,"column":5}},"37":{"start":{"line":133,"column":17},"end":{"line":133,"column":27}},"38":{"start":{"line":134,"column":19},"end":{"line":134,"column":29}},"39":{"start":{"line":135,"column":18},"end":{"line":135,"column":23}},"40":{"start":{"line":138,"column":3},"end":{"line":138,"column":19}},"41":{"start":{"line":140,"column":3},"end":{"line":142,"column":19}},"42":{"start":{"line":147,"column":14},"end":{"line":159,"column":1}},"43":{"start":{"line":148,"column":1},"end":{"line":158,"column":4}},"44":{"start":{"line":149,"column":18},"end":{"line":149,"column":56}},"45":{"start":{"line":150,"column":19},"end":{"line":150,"column":59}},"46":{"start":{"line":152,"column":2},"end":{"line":157,"column":18}},"47":{"start":{"line":161,"column":28},"end":{"line":180,"column":1}},"48":{"start":{"line":162,"column":1},"end":{"line":179,"column":3}},"49":{"start":{"line":163,"column":2},"end":{"line":178,"column":5}},"50":{"start":{"line":164,"column":3},"end":{"line":164,"column":32}},"51":{"start":{"line":166,"column":17},"end":{"line":166,"column":27}},"52":{"start":{"line":167,"column":15},"end":{"line":167,"column":29}},"53":{"start":{"line":169,"column":3},"end":{"line":177,"column":5}},"54":{"start":{"line":172,"column":5},"end":{"line":172,"column":41}},"55":{"start":{"line":175,"column":5},"end":{"line":175,"column":42}}},"fnMap":{"0":{"name":"(anonymous_0)","decl":{"start":{"line":31,"column":15},"end":{"line":31,"column":16}},"loc":{"start":{"line":31,"column":49},"end":{"line":68,"column":1}},"line":31},"1":{"name":"(anonymous_1)","decl":{"start":{"line":72,"column":32},"end":{"line":72,"column":33}},"loc":{"start":{"line":72,"column":39},"end":{"line":74,"column":1}},"line":72},"2":{"name":"(anonymous_2)","decl":{"start":{"line":76,"column":35},"end":{"line":76,"column":36}},"loc":{"start":{"line":76,"column":44},"end":{"line":79,"column":1}},"line":76},"3":{"name":"(anonymous_3)","decl":{"start":{"line":81,"column":35},"end":{"line":81,"column":36}},"loc":{"start":{"line":81,"column":44},"end":{"line":86,"column":1}},"line":81},"4":{"name":"(anonymous_4)","decl":{"start":{"line":88,"column":29},"end":{"line":88,"column":30}},"loc":{"start":{"line":88,"column":35},"end":{"line":92,"column":1}},"line":88},"5":{"name":"(anonymous_5)","decl":{"start":{"line":94,"column":20},"end":{"line":94,"column":21}},"loc":{"start":{"line":94,"column":29},"end":{"line":99,"column":1}},"line":94},"6":{"name":"(anonymous_6)","decl":{"start":{"line":103,"column":26},"end":{"line":103,"column":27}},"loc":{"start":{"line":103,"column":35},"end":{"line":128,"column":1}},"line":103},"7":{"name":"(anonymous_7)","decl":{"start":{"line":104,"column":8},"end":{"line":104,"column":9}},"loc":{"start":{"line":104,"column":32},"end":{"line":127,"column":2}},"line":104},"8":{"name":"(anonymous_8)","decl":{"start":{"line":105,"column":21},"end":{"line":105,"column":22}},"loc":{"start":{"line":105,"column":42},"end":{"line":126,"column":3}},"line":105},"9":{"name":"(anonymous_9)","decl":{"start":{"line":130,"column":25},"end":{"line":130,"column":26}},"loc":{"start":{"line":130,"column":34},"end":{"line":145,"column":1}},"line":130},"10":{"name":"(anonymous_10)","decl":{"start":{"line":131,"column":8},"end":{"line":131,"column":9}},"loc":{"start":{"line":131,"column":32},"end":{"line":144,"column":2}},"line":131},"11":{"name":"(anonymous_11)","decl":{"start":{"line":132,"column":21},"end":{"line":132,"column":22}},"loc":{"start":{"line":132,"column":42},"end":{"line":143,"column":3}},"line":132},"12":{"name":"(anonymous_12)","decl":{"start":{"line":147,"column":14},"end":{"line":147,"column":15}},"loc":{"start":{"line":147,"column":38},"end":{"line":159,"column":1}},"line":147},"13":{"name":"(anonymous_13)","decl":{"start":{"line":148,"column":20},"end":{"line":148,"column":21}},"loc":{"start":{"line":148,"column":41},"end":{"line":158,"column":2}},"line":148},"14":{"name":"(anonymous_14)","decl":{"start":{"line":161,"column":28},"end":{"line":161,"column":29}},"loc":{"start":{"line":161,"column":34},"end":{"line":180,"column":1}},"line":161},"15":{"name":"(anonymous_15)","decl":{"start":{"line":162,"column":8},"end":{"line":162,"column":9}},"loc":{"start":{"line":162,"column":32},"end":{"line":179,"column":2}},"line":162},"16":{"name":"(anonymous_16)","decl":{"start":{"line":163,"column":21},"end":{"line":163,"column":22}},"loc":{"start":{"line":163,"column":42},"end":{"line":178,"column":3}},"line":163},"17":{"name":"(anonymous_17)","decl":{"start":{"line":171,"column":4},"end":{"line":171,"column":5}},"loc":{"start":{"line":171,"column":12},"end":{"line":173,"column":5}},"line":171},"18":{"name":"(anonymous_18)","decl":{"start":{"line":174,"column":4},"end":{"line":174,"column":5}},"loc":{"start":{"line":174,"column":13},"end":{"line":176,"column":5}},"line":174}},"branchMap":{"0":{"loc":{"start":{"line":31,"column":16},"end":{"line":31,"column":36}},"type":"default-arg","locations":[{"start":{"line":31,"column":24},"end":{"line":31,"column":36}}],"line":31},"1":{"loc":{"start":{"line":32,"column":1},"end":{"line":67,"column":2}},"type":"switch","locations":[{"start":{"line":33,"column":2},"end":{"line":34,"column":23}},{"start":{"line":36,"column":2},"end":{"line":40,"column":5}},{"start":{"line":42,"column":2},"end":{"line":48,"column":5}},{"start":{"line":50,"column":2},"end":{"line":55,"column":5}},{"start":{"line":57,"column":2},"end":{"line":63,"column":5}},{"start":{"line":65,"column":2},"end":{"line":66,"column":16}}],"line":32}},"s":{"0":4,"1":4,"2":4,"3":4,"4":4,"5":4,"6":4,"7":0,"8":0,"9":0,"10":0,"11":0,"12":0,"13":0,"14":0,"15":4,"16":1,"17":4,"18":1,"19":4,"20":1,"21":4,"22":1,"23":4,"24":1,"25":4,"26":0,"27":0,"28":0,"29":0,"30":0,"31":0,"32":0,"33":0,"34":4,"35":0,"36":0,"37":0,"38":0,"39":0,"40":0,"41":0,"42":4,"43":0,"44":0,"45":0,"46":0,"47":4,"48":0,"49":0,"50":0,"51":0,"52":0,"53":0,"54":0,"55":0},"f":{"0":0,"1":1,"2":1,"3":1,"4":1,"5":1,"6":0,"7":0,"8":0,"9":0,"10":0,"11":0,"12":0,"13":0,"14":0,"15":0,"16":0,"17":0,"18":0},"b":{"0":[0],"1":[0,0,0,0,0,0]},"_coverageSchema":"43e27e138ebf9cfc5966b082cf9a028302ed4184","hash":"4fcd504e8ad1a70e0d8ad5ce02c0c32bb7c8a76e"}
,"/Users/brycedbjork/git/evently-app/client/src/redux/user.js": {"path":"/Users/brycedbjork/git/evently-app/client/src/redux/user.js","statementMap":{"0":{"start":{"line":4,"column":16},"end":{"line":4,"column":36}},"1":{"start":{"line":9,"column":28},"end":{"line":17,"column":1}},"2":{"start":{"line":20,"column":26},"end":{"line":20,"column":51}},"3":{"start":{"line":21,"column":25},"end":{"line":21,"column":49}},"4":{"start":{"line":22,"column":28},"end":{"line":22,"column":55}},"5":{"start":{"line":23,"column":28},"end":{"line":23,"column":55}},"6":{"start":{"line":24,"column":28},"end":{"line":24,"column":55}},"7":{"start":{"line":25,"column":31},"end":{"line":25,"column":61}},"8":{"start":{"line":26,"column":34},"end":{"line":26,"column":67}},"9":{"start":{"line":27,"column":34},"end":{"line":27,"column":67}},"10":{"start":{"line":34,"column":1},"end":{"line":87,"column":2}},"11":{"start":{"line":36,"column":3},"end":{"line":36,"column":23}},"12":{"start":{"line":39,"column":3},"end":{"line":42,"column":5}},"13":{"start":{"line":45,"column":3},"end":{"line":50,"column":5}},"14":{"start":{"line":53,"column":3},"end":{"line":57,"column":5}},"15":{"start":{"line":60,"column":3},"end":{"line":63,"column":5}},"16":{"start":{"line":66,"column":3},"end":{"line":69,"column":5}},"17":{"start":{"line":72,"column":3},"end":{"line":76,"column":5}},"18":{"start":{"line":79,"column":3},"end":{"line":83,"column":5}},"19":{"start":{"line":86,"column":3},"end":{"line":86,"column":16}},"20":{"start":{"line":92,"column":24},"end":{"line":96,"column":1}},"21":{"start":{"line":93,"column":1},"end":{"line":95,"column":3}},"22":{"start":{"line":98,"column":27},"end":{"line":104,"column":1}},"23":{"start":{"line":99,"column":1},"end":{"line":103,"column":3}},"24":{"start":{"line":106,"column":27},"end":{"line":111,"column":1}},"25":{"start":{"line":107,"column":1},"end":{"line":110,"column":3}},"26":{"start":{"line":113,"column":27},"end":{"line":116,"column":2}},"27":{"start":{"line":113,"column":40},"end":{"line":116,"column":1}},"28":{"start":{"line":118,"column":29},"end":{"line":122,"column":1}},"29":{"start":{"line":119,"column":1},"end":{"line":121,"column":3}},"30":{"start":{"line":124,"column":32},"end":{"line":129,"column":1}},"31":{"start":{"line":125,"column":1},"end":{"line":128,"column":3}},"32":{"start":{"line":131,"column":32},"end":{"line":135,"column":1}},"33":{"start":{"line":132,"column":1},"end":{"line":134,"column":3}},"34":{"start":{"line":137,"column":25},"end":{"line":141,"column":1}},"35":{"start":{"line":138,"column":1},"end":{"line":140,"column":3}},"36":{"start":{"line":145,"column":20},"end":{"line":198,"column":1}},"37":{"start":{"line":146,"column":1},"end":{"line":197,"column":3}},"38":{"start":{"line":147,"column":2},"end":{"line":196,"column":5}},"39":{"start":{"line":148,"column":3},"end":{"line":148,"column":24}},"40":{"start":{"line":151,"column":3},"end":{"line":186,"column":6}},"41":{"start":{"line":152,"column":4},"end":{"line":185,"column":5}},"42":{"start":{"line":154,"column":5},"end":{"line":184,"column":9}},"43":{"start":{"line":159,"column":7},"end":{"line":183,"column":8}},"44":{"start":{"line":161,"column":8},"end":{"line":161,"column":56}},"45":{"start":{"line":162,"column":8},"end":{"line":162,"column":18}},"46":{"start":{"line":166,"column":25},"end":{"line":168,"column":9}},"47":{"start":{"line":170,"column":8},"end":{"line":182,"column":12}},"48":{"start":{"line":176,"column":10},"end":{"line":176,"column":52}},"49":{"start":{"line":177,"column":10},"end":{"line":177,"column":20}},"50":{"start":{"line":180,"column":10},"end":{"line":180,"column":39}},"51":{"start":{"line":181,"column":10},"end":{"line":181,"column":24}},"52":{"start":{"line":189,"column":3},"end":{"line":195,"column":7}},"53":{"start":{"line":193,"column":5},"end":{"line":193,"column":34}},"54":{"start":{"line":194,"column":5},"end":{"line":194,"column":19}},"55":{"start":{"line":200,"column":25},"end":{"line":223,"column":1}},"56":{"start":{"line":201,"column":1},"end":{"line":222,"column":3}},"57":{"start":{"line":202,"column":2},"end":{"line":202,"column":28}},"58":{"start":{"line":204,"column":16},"end":{"line":204,"column":26}},"59":{"start":{"line":206,"column":2},"end":{"line":209,"column":3}},"60":{"start":{"line":207,"column":3},"end":{"line":207,"column":55}},"61":{"start":{"line":208,"column":3},"end":{"line":208,"column":15}},"62":{"start":{"line":211,"column":2},"end":{"line":221,"column":5}},"63":{"start":{"line":216,"column":5},"end":{"line":216,"column":44}},"64":{"start":{"line":219,"column":5},"end":{"line":219,"column":39}}},"fnMap":{"0":{"name":"(anonymous_0)","decl":{"start":{"line":33,"column":15},"end":{"line":33,"column":16}},"loc":{"start":{"line":33,"column":49},"end":{"line":88,"column":1}},"line":33},"1":{"name":"(anonymous_1)","decl":{"start":{"line":92,"column":24},"end":{"line":92,"column":25}},"loc":{"start":{"line":92,"column":30},"end":{"line":96,"column":1}},"line":92},"2":{"name":"(anonymous_2)","decl":{"start":{"line":98,"column":27},"end":{"line":98,"column":28}},"loc":{"start":{"line":98,"column":45},"end":{"line":104,"column":1}},"line":98},"3":{"name":"(anonymous_3)","decl":{"start":{"line":106,"column":27},"end":{"line":106,"column":28}},"loc":{"start":{"line":106,"column":36},"end":{"line":111,"column":1}},"line":106},"4":{"name":"(anonymous_4)","decl":{"start":{"line":113,"column":27},"end":{"line":113,"column":28}},"loc":{"start":{"line":113,"column":40},"end":{"line":116,"column":1}},"line":113},"5":{"name":"(anonymous_5)","decl":{"start":{"line":118,"column":29},"end":{"line":118,"column":30}},"loc":{"start":{"line":118,"column":35},"end":{"line":122,"column":1}},"line":118},"6":{"name":"(anonymous_6)","decl":{"start":{"line":124,"column":32},"end":{"line":124,"column":33}},"loc":{"start":{"line":124,"column":40},"end":{"line":129,"column":1}},"line":124},"7":{"name":"(anonymous_7)","decl":{"start":{"line":131,"column":32},"end":{"line":131,"column":33}},"loc":{"start":{"line":131,"column":38},"end":{"line":135,"column":1}},"line":131},"8":{"name":"(anonymous_8)","decl":{"start":{"line":137,"column":25},"end":{"line":137,"column":26}},"loc":{"start":{"line":137,"column":31},"end":{"line":141,"column":1}},"line":137},"9":{"name":"(anonymous_9)","decl":{"start":{"line":145,"column":20},"end":{"line":145,"column":21}},"loc":{"start":{"line":145,"column":26},"end":{"line":198,"column":1}},"line":145},"10":{"name":"(anonymous_10)","decl":{"start":{"line":146,"column":8},"end":{"line":146,"column":9}},"loc":{"start":{"line":146,"column":32},"end":{"line":197,"column":2}},"line":146},"11":{"name":"(anonymous_11)","decl":{"start":{"line":147,"column":21},"end":{"line":147,"column":22}},"loc":{"start":{"line":147,"column":42},"end":{"line":196,"column":3}},"line":147},"12":{"name":"(anonymous_12)","decl":{"start":{"line":151,"column":38},"end":{"line":151,"column":39}},"loc":{"start":{"line":151,"column":46},"end":{"line":186,"column":4}},"line":151},"13":{"name":"(anonymous_13)","decl":{"start":{"line":158,"column":12},"end":{"line":158,"column":13}},"loc":{"start":{"line":158,"column":23},"end":{"line":184,"column":7}},"line":158},"14":{"name":"(anonymous_14)","decl":{"start":{"line":174,"column":15},"end":{"line":174,"column":16}},"loc":{"start":{"line":174,"column":21},"end":{"line":178,"column":10}},"line":174},"15":{"name":"(anonymous_15)","decl":{"start":{"line":179,"column":16},"end":{"line":179,"column":17}},"loc":{"start":{"line":179,"column":25},"end":{"line":182,"column":10}},"line":179},"16":{"name":"(anonymous_16)","decl":{"start":{"line":192,"column":11},"end":{"line":192,"column":12}},"loc":{"start":{"line":192,"column":20},"end":{"line":195,"column":5}},"line":192},"17":{"name":"(anonymous_17)","decl":{"start":{"line":200,"column":25},"end":{"line":200,"column":26}},"loc":{"start":{"line":200,"column":33},"end":{"line":223,"column":1}},"line":200},"18":{"name":"(anonymous_18)","decl":{"start":{"line":201,"column":8},"end":{"line":201,"column":9}},"loc":{"start":{"line":201,"column":32},"end":{"line":222,"column":2}},"line":201},"19":{"name":"(anonymous_19)","decl":{"start":{"line":215,"column":4},"end":{"line":215,"column":5}},"loc":{"start":{"line":215,"column":11},"end":{"line":217,"column":5}},"line":215},"20":{"name":"(anonymous_20)","decl":{"start":{"line":218,"column":4},"end":{"line":218,"column":5}},"loc":{"start":{"line":218,"column":13},"end":{"line":220,"column":5}},"line":218}},"branchMap":{"0":{"loc":{"start":{"line":33,"column":16},"end":{"line":33,"column":36}},"type":"default-arg","locations":[{"start":{"line":33,"column":24},"end":{"line":33,"column":36}}],"line":33},"1":{"loc":{"start":{"line":34,"column":1},"end":{"line":87,"column":2}},"type":"switch","locations":[{"start":{"line":35,"column":2},"end":{"line":36,"column":23}},{"start":{"line":38,"column":2},"end":{"line":42,"column":5}},{"start":{"line":44,"column":2},"end":{"line":50,"column":5}},{"start":{"line":52,"column":2},"end":{"line":57,"column":5}},{"start":{"line":59,"column":2},"end":{"line":63,"column":5}},{"start":{"line":65,"column":2},"end":{"line":69,"column":5}},{"start":{"line":71,"column":2},"end":{"line":76,"column":5}},{"start":{"line":78,"column":2},"end":{"line":83,"column":5}},{"start":{"line":85,"column":2},"end":{"line":86,"column":16}}],"line":34},"2":{"loc":{"start":{"line":152,"column":4},"end":{"line":185,"column":5}},"type":"if","locations":[{"start":{"line":152,"column":4},"end":{"line":185,"column":5}},{"start":{"line":152,"column":4},"end":{"line":185,"column":5}}],"line":152},"3":{"loc":{"start":{"line":159,"column":7},"end":{"line":183,"column":8}},"type":"if","locations":[{"start":{"line":159,"column":7},"end":{"line":183,"column":8}},{"start":{"line":159,"column":7},"end":{"line":183,"column":8}}],"line":159},"4":{"loc":{"start":{"line":206,"column":2},"end":{"line":209,"column":3}},"type":"if","locations":[{"start":{"line":206,"column":2},"end":{"line":209,"column":3}},{"start":{"line":206,"column":2},"end":{"line":209,"column":3}}],"line":206}},"s":{"0":7,"1":7,"2":7,"3":7,"4":7,"5":7,"6":7,"7":7,"8":7,"9":7,"10":0,"11":0,"12":0,"13":0,"14":0,"15":0,"16":0,"17":0,"18":0,"19":0,"20":7,"21":2,"22":7,"23":1,"24":7,"25":1,"26":7,"27":1,"28":7,"29":1,"30":7,"31":1,"32":7,"33":1,"34":7,"35":1,"36":7,"37":1,"38":1,"39":1,"40":1,"41":0,"42":0,"43":0,"44":0,"45":0,"46":0,"47":0,"48":0,"49":0,"50":0,"51":0,"52":0,"53":0,"54":0,"55":7,"56":0,"57":0,"58":0,"59":0,"60":0,"61":0,"62":0,"63":0,"64":0},"f":{"0":0,"1":2,"2":1,"3":1,"4":1,"5":1,"6":1,"7":1,"8":1,"9":1,"10":1,"11":1,"12":0,"13":0,"14":0,"15":0,"16":0,"17":0,"18":0,"19":0,"20":0},"b":{"0":[0],"1":[0,0,0,0,0,0,0,0,0],"2":[0,0],"3":[0,0],"4":[0,0]},"_coverageSchema":"43e27e138ebf9cfc5966b082cf9a028302ed4184","hash":"d47dee014763dc5848231d5658304ad9a641d7d8"}
}
