TN:
SF:/Users/brycedbjork/git/evently-app/client/src/api.js
FN:6,(anonymous_0)
FN:13,(anonymous_1)
FN:20,(anonymous_2)
FN:28,(anonymous_3)
FN:34,(anonymous_4)
FN:39,(anonymous_5)
FN:53,(anonymous_6)
FNF:7
FNH:2
FNDA:0,(anonymous_0)
FNDA:1,(anonymous_1)
FNDA:1,(anonymous_2)
FNDA:0,(anonymous_3)
FNDA:0,(anonymous_4)
FNDA:0,(anonymous_5)
FNDA:0,(anonymous_6)
DA:3,6
DA:6,6
DA:7,0
DA:13,6
DA:15,1
DA:21,1
DA:22,1
DA:23,0
DA:24,0
DA:26,1
DA:29,0
DA:34,6
DA:39,6
DA:43,0
DA:45,0
DA:53,6
DA:57,0
DA:58,0
DA:60,0
LF:19
LH:10
BRF:0
BRH:0
end_of_record
TN:
SF:/Users/brycedbjork/git/evently-app/client/src/assets/logo.svg
FNF:0
FNH:0
DA:1,1
LF:1
LH:1
BRF:0
BRH:0
end_of_record
TN:
SF:/Users/brycedbjork/git/evently-app/client/src/assets/profile.svg
FNF:0
FNH:0
DA:1,1
LF:1
LH:1
BRF:0
BRH:0
end_of_record
TN:
SF:/Users/brycedbjork/git/evently-app/client/src/assets/timeline.svg
FNF:0
FNH:0
DA:1,1
LF:1
LH:1
BRF:0
BRH:0
end_of_record
TN:
SF:/Users/brycedbjork/git/evently-app/client/src/components/App.js
FN:28,(anonymous_0)
FN:33,(anonymous_1)
FN:37,(anonymous_2)
FN:42,(anonymous_3)
FN:49,(anonymous_4)
FN:76,(anonymous_5)
FN:92,(anonymous_6)
FN:97,(anonymous_7)
FN:149,(anonymous_8)
FNF:9
FNH:4
FNDA:1,(anonymous_0)
FNDA:0,(anonymous_1)
FNDA:0,(anonymous_2)
FNDA:3,(anonymous_3)
FNDA:1,(anonymous_4)
FNDA:0,(anonymous_5)
FNDA:3,(anonymous_6)
FNDA:0,(anonymous_7)
FNDA:0,(anonymous_8)
DA:21,1
DA:29,1
DA:32,1
DA:35,0
DA:38,0
DA:42,3
DA:51,1
DA:54,1
DA:55,1
DA:56,1
DA:58,1
DA:59,1
DA:65,1
DA:76,0
DA:93,3
DA:98,0
DA:99,0
DA:111,1
DA:149,1
DA:150,0
DA:155,1
LF:21
LH:15
BRDA:45,0,0,1
BRDA:45,0,1,2
BRDA:45,1,0,1
BRDA:45,1,1,2
BRDA:45,2,0,1
BRDA:45,2,1,2
BRDA:127,3,0,0
BRDA:127,3,1,1
BRDA:128,4,0,0
BRDA:128,4,1,1
BRF:10
BRH:8
end_of_record
TN:
SF:/Users/brycedbjork/git/evently-app/client/src/components/EventCard/ActionButton.js
FN:13,(anonymous_0)
FN:83,(anonymous_1)
FNF:2
FNH:1
FNDA:1,(anonymous_0)
FNDA:0,(anonymous_1)
DA:11,3
DA:13,3
DA:14,1
DA:16,1
DA:60,1
DA:80,1
DA:84,0
DA:100,3
LF:8
LH:7
BRF:0
BRH:0
end_of_record
TN:
SF:/Users/brycedbjork/git/evently-app/client/src/components/EventCard/Description.js
FN:8,(anonymous_0)
FNF:1
FNH:1
FNDA:1,(anonymous_0)
DA:8,3
DA:11,1
DA:18,3
LF:3
LH:3
BRF:0
BRH:0
end_of_record
TN:
SF:/Users/brycedbjork/git/evently-app/client/src/components/EventCard/Swipeable.js
FN:9,(anonymous_0)
FN:16,(anonymous_1)
FN:37,(anonymous_2)
FN:59,(anonymous_3)
FN:67,(anonymous_4)
FN:102,(anonymous_5)
FNF:6
FNH:0
FNDA:0,(anonymous_0)
FNDA:0,(anonymous_1)
FNDA:0,(anonymous_2)
FNDA:0,(anonymous_3)
FNDA:0,(anonymous_4)
FNDA:0,(anonymous_5)
DA:10,0
DA:12,0
DA:13,0
DA:18,0
DA:19,0
DA:21,0
DA:22,0
DA:24,0
DA:25,0
DA:27,0
DA:28,0
DA:29,0
DA:30,0
DA:32,0
DA:39,0
DA:41,0
DA:42,0
DA:45,0
DA:46,0
DA:60,0
DA:61,0
DA:63,0
DA:64,0
DA:68,0
DA:70,0
DA:72,0
DA:73,0
DA:74,0
DA:76,0
DA:99,0
DA:102,0
DA:116,0
DA:122,2
LF:33
LH:1
BRDA:21,0,0,0
BRDA:21,0,1,0
BRDA:22,1,0,0
BRDA:22,1,1,0
BRDA:28,2,0,0
BRDA:28,2,1,0
BRDA:42,3,0,0
BRDA:42,3,1,0
BRDA:42,4,0,0
BRDA:42,4,1,0
BRDA:63,5,0,0
BRDA:63,5,1,0
BRDA:64,6,0,0
BRDA:64,6,1,0
BRDA:84,7,0,0
BRDA:84,7,1,0
BRDA:116,8,0,0
BRDA:116,8,1,0
BRF:18
BRH:0
end_of_record
TN:
SF:/Users/brycedbjork/git/evently-app/client/src/components/EventCard/index.js
FN:21,formatDay
FN:32,(anonymous_1)
FN:37,(anonymous_2)
FN:87,(anonymous_3)
FN:96,(anonymous_4)
FNF:5
FNH:2
FNDA:1,formatDay
FNDA:0,(anonymous_1)
FNDA:1,(anonymous_2)
FNDA:0,(anonymous_3)
FNDA:0,(anonymous_4)
DA:14,3
DA:15,3
DA:16,3
DA:22,1
DA:33,0
DA:34,0
DA:49,1
DA:51,1
DA:63,1
DA:88,0
DA:96,0
DA:115,3
LF:12
LH:8
BRDA:81,0,0,1
BRDA:81,0,1,0
BRF:2
BRH:1
end_of_record
TN:
SF:/Users/brycedbjork/git/evently-app/client/src/components/Feed/Filter.js
FN:35,(anonymous_0)
FN:38,(anonymous_1)
FN:51,(anonymous_2)
FN:58,(anonymous_3)
FN:82,(anonymous_4)
FN:90,(anonymous_5)
FN:107,(anonymous_6)
FN:108,(anonymous_7)
FN:125,(anonymous_8)
FN:134,(anonymous_9)
FN:135,(anonymous_10)
FN:152,(anonymous_11)
FN:156,(anonymous_12)
FN:160,(anonymous_13)
FN:227,(anonymous_14)
FN:250,(anonymous_15)
FN:254,(anonymous_16)
FN:258,(anonymous_17)
FN:261,(anonymous_18)
FN:275,(anonymous_19)
FN:279,(anonymous_20)
FN:288,(anonymous_21)
FN:291,(anonymous_22)
FN:375,(anonymous_23)
FNF:24
FNH:7
FNDA:16,(anonymous_0)
FNDA:6,(anonymous_1)
FNDA:0,(anonymous_2)
FNDA:0,(anonymous_3)
FNDA:0,(anonymous_4)
FNDA:3,(anonymous_5)
FNDA:0,(anonymous_6)
FNDA:0,(anonymous_7)
FNDA:8,(anonymous_8)
FNDA:0,(anonymous_9)
FNDA:0,(anonymous_10)
FNDA:0,(anonymous_11)
FNDA:0,(anonymous_12)
FNDA:1,(anonymous_13)
FNDA:0,(anonymous_14)
FNDA:0,(anonymous_15)
FNDA:0,(anonymous_16)
FNDA:3,(anonymous_17)
FNDA:0,(anonymous_18)
FNDA:0,(anonymous_19)
FNDA:0,(anonymous_20)
FNDA:8,(anonymous_21)
FNDA:0,(anonymous_22)
FNDA:0,(anonymous_23)
DA:26,2
DA:27,2
DA:28,2
DA:34,2
DA:35,16
DA:38,6
DA:52,0
DA:53,0
DA:55,0
DA:59,0
DA:67,0
DA:69,0
DA:71,0
DA:74,0
DA:75,0
DA:78,0
DA:79,0
DA:83,0
DA:86,0
DA:87,0
DA:91,3
DA:92,3
DA:94,3
DA:107,0
DA:109,0
DA:126,8
DA:127,8
DA:129,8
DA:134,0
DA:136,0
DA:153,0
DA:157,0
DA:161,1
DA:162,1
DA:164,1
DA:175,1
DA:186,1
DA:197,1
DA:205,1
DA:213,1
DA:221,1
DA:227,0
DA:250,0
DA:254,0
DA:259,3
DA:261,0
DA:275,0
DA:279,0
DA:289,8
DA:291,0
DA:321,2
DA:375,2
DA:376,0
DA:377,0
DA:385,2
LF:55
LH:26
BRDA:55,0,0,0
BRDA:55,0,1,0
BRDA:78,1,0,0
BRDA:78,1,1,0
BRDA:105,2,0,0
BRDA:105,2,1,3
BRDA:105,3,0,3
BRDA:105,3,1,3
BRDA:109,4,0,0
BRDA:109,4,1,0
BRDA:116,5,0,1
BRDA:116,5,1,2
BRDA:117,6,0,1
BRDA:117,6,1,2
BRDA:118,7,0,1
BRDA:118,7,1,2
BRDA:132,8,0,0
BRDA:132,8,1,8
BRDA:132,9,0,8
BRDA:132,9,1,8
BRDA:136,10,0,0
BRDA:136,10,1,0
BRDA:143,11,0,1
BRDA:143,11,1,7
BRDA:144,12,0,1
BRDA:144,12,1,7
BRDA:145,13,0,1
BRDA:145,13,1,7
BRDA:300,14,0,1
BRDA:300,14,1,0
BRDA:305,15,0,1
BRDA:305,15,1,0
BRDA:314,16,0,0
BRDA:314,16,1,1
BRDA:328,17,0,0
BRDA:328,17,1,2
BRF:36
BRH:22
end_of_record
TN:
SF:/Users/brycedbjork/git/evently-app/client/src/components/Feed/index.js
FN:33,(anonymous_0)
FN:37,(anonymous_1)
FN:49,(anonymous_2)
FN:58,(anonymous_3)
FN:63,(anonymous_4)
FN:84,(anonymous_5)
FN:93,(anonymous_6)
FN:101,(anonymous_7)
FN:113,(anonymous_8)
FN:122,(anonymous_9)
FN:131,(anonymous_10)
FN:144,(anonymous_11)
FN:149,(anonymous_12)
FN:154,(anonymous_13)
FN:158,(anonymous_14)
FN:186,(anonymous_15)
FN:194,(anonymous_16)
FN:195,(anonymous_17)
FN:227,(anonymous_18)
FNF:19
FNH:3
FNDA:1,(anonymous_0)
FNDA:0,(anonymous_1)
FNDA:0,(anonymous_2)
FNDA:0,(anonymous_3)
FNDA:1,(anonymous_4)
FNDA:0,(anonymous_5)
FNDA:0,(anonymous_6)
FNDA:0,(anonymous_7)
FNDA:0,(anonymous_8)
FNDA:0,(anonymous_9)
FNDA:0,(anonymous_10)
FNDA:0,(anonymous_11)
FNDA:0,(anonymous_12)
FNDA:0,(anonymous_13)
FNDA:1,(anonymous_14)
FNDA:0,(anonymous_15)
FNDA:0,(anonymous_16)
FNDA:0,(anonymous_17)
FNDA:0,(anonymous_18)
DA:34,1
DA:36,1
DA:38,0
DA:39,0
DA:44,0
DA:50,0
DA:59,0
DA:71,1
DA:72,1
DA:74,1
DA:78,0
DA:79,1
DA:83,0
DA:84,0
DA:85,0
DA:86,0
DA:89,0
DA:90,1
DA:91,0
DA:92,0
DA:93,0
DA:95,0
DA:97,1
DA:102,0
DA:103,0
DA:105,0
DA:106,0
DA:107,0
DA:114,0
DA:123,0
DA:132,0
DA:133,0
DA:136,0
DA:137,0
DA:139,0
DA:145,0
DA:146,0
DA:150,0
DA:151,0
DA:159,1
DA:160,1
DA:162,1
DA:183,1
DA:185,1
DA:187,0
DA:194,0
DA:195,0
DA:203,1
DA:212,2
DA:227,2
DA:228,0
DA:239,2
LF:52
LH:17
BRDA:38,0,0,0
BRDA:38,0,1,0
BRDA:74,1,0,0
BRDA:74,1,1,1
BRDA:75,2,0,1
BRDA:75,2,1,1
BRDA:79,3,0,0
BRDA:79,3,1,1
BRDA:80,4,0,1
BRDA:80,4,1,0
BRDA:85,5,0,0
BRDA:85,5,1,0
BRDA:90,6,0,0
BRDA:90,6,1,1
BRDA:105,7,0,0
BRDA:105,7,1,0
BRDA:136,8,0,0
BRDA:136,8,1,0
BRDA:192,9,0,0
BRDA:192,9,1,0
BRDA:205,10,0,0
BRDA:205,10,1,1
BRF:22
BRH:7
end_of_record
TN:
SF:/Users/brycedbjork/git/evently-app/client/src/components/Profile/Dial.js
FN:7,(anonymous_0)
FN:17,(anonymous_1)
FN:27,(anonymous_2)
FN:37,(anonymous_3)
FN:39,(anonymous_4)
FN:41,(anonymous_5)
FN:42,(anonymous_6)
FN:44,(anonymous_7)
FN:46,(anonymous_8)
FN:101,(anonymous_9)
FN:123,(anonymous_10)
FN:124,(anonymous_11)
FN:136,(anonymous_12)
FNF:13
FNH:4
FNDA:1,(anonymous_0)
FNDA:1,(anonymous_1)
FNDA:0,(anonymous_2)
FNDA:0,(anonymous_3)
FNDA:1,(anonymous_4)
FNDA:0,(anonymous_5)
FNDA:0,(anonymous_6)
FNDA:0,(anonymous_7)
FNDA:0,(anonymous_8)
FNDA:0,(anonymous_9)
FNDA:0,(anonymous_10)
FNDA:0,(anonymous_11)
FNDA:1,(anonymous_12)
DA:7,2
DA:8,1
DA:11,2
DA:12,2
DA:14,2
DA:18,1
DA:19,1
DA:22,1
DA:23,1
DA:24,1
DA:28,0
DA:29,0
DA:30,0
DA:31,0
DA:33,0
DA:37,0
DA:40,1
DA:41,0
DA:42,0
DA:49,0
DA:53,0
DA:56,0
DA:57,0
DA:61,0
DA:67,0
DA:75,0
DA:78,0
DA:79,0
DA:80,0
DA:95,0
DA:96,0
DA:97,0
DA:103,0
DA:104,0
DA:109,0
DA:116,0
DA:117,0
DA:124,0
DA:125,0
DA:129,0
DA:137,1
DA:185,2
LF:42
LH:13
BRDA:28,0,0,0
BRDA:28,0,1,0
BRDA:30,1,0,0
BRDA:30,1,1,0
BRDA:75,2,0,0
BRDA:75,2,1,0
BRDA:78,3,0,0
BRDA:78,3,1,0
BRDA:79,4,0,0
BRDA:79,4,1,0
BRDA:95,5,0,0
BRDA:95,5,1,0
BRDA:103,6,0,0
BRDA:103,6,1,0
BRDA:116,7,0,0
BRDA:116,7,1,0
BRDA:165,8,0,1
BRDA:165,8,1,1
BRF:18
BRH:2
end_of_record
TN:
SF:/Users/brycedbjork/git/evently-app/client/src/components/Profile/index.js
FN:17,(anonymous_0)
FN:31,(anonymous_1)
FN:34,(anonymous_2)
FN:80,(anonymous_3)
FNF:4
FNH:1
FNDA:1,(anonymous_0)
FNDA:0,(anonymous_1)
FNDA:0,(anonymous_2)
FNDA:0,(anonymous_3)
DA:18,1
DA:19,1
DA:20,4
DA:22,4
DA:26,4
DA:32,0
DA:36,0
DA:43,1
DA:55,2
DA:80,2
DA:81,0
DA:87,2
LF:12
LH:9
BRDA:22,0,0,0
BRDA:22,0,1,4
BRDA:22,1,0,4
BRDA:22,1,1,0
BRDA:64,2,0,0
BRDA:64,2,1,2
BRF:6
BRH:3
end_of_record
TN:
SF:/Users/brycedbjork/git/evently-app/client/src/components/Timeline/CalendarButton.js
FN:14,(anonymous_0)
FN:17,formatDay
FN:23,(anonymous_2)
FN:28,(anonymous_3)
FN:30,(anonymous_4)
FN:32,(anonymous_5)
FN:35,(anonymous_6)
FN:40,(anonymous_7)
FN:41,(anonymous_8)
FN:47,(anonymous_9)
FN:50,(anonymous_10)
FN:56,(anonymous_11)
FN:67,(anonymous_12)
FN:108,(anonymous_13)
FNF:14
FNH:0
FNDA:0,(anonymous_0)
FNDA:0,formatDay
FNDA:0,(anonymous_2)
FNDA:0,(anonymous_3)
FNDA:0,(anonymous_4)
FNDA:0,(anonymous_5)
FNDA:0,(anonymous_6)
FNDA:0,(anonymous_7)
FNDA:0,(anonymous_8)
FNDA:0,(anonymous_9)
FNDA:0,(anonymous_10)
FNDA:0,(anonymous_11)
FNDA:0,(anonymous_12)
FNDA:0,(anonymous_13)
DA:14,2
DA:15,0
DA:18,0
DA:19,0
DA:20,0
DA:23,0
DA:24,0
DA:25,0
DA:30,0
DA:33,0
DA:36,0
DA:40,0
DA:41,0
DA:42,0
DA:43,0
DA:44,0
DA:46,0
DA:47,0
DA:48,0
DA:51,0
DA:57,0
DA:60,0
DA:63,0
DA:69,0
DA:83,2
DA:108,2
DA:109,0
LF:27
LH:3
BRDA:42,0,0,0
BRDA:42,0,1,0
BRDA:46,1,0,0
BRDA:46,1,1,0
BRF:4
BRH:0
end_of_record
TN:
SF:/Users/brycedbjork/git/evently-app/client/src/components/Timeline/EventCardPreview.js
FN:19,(anonymous_0)
FN:35,(anonymous_1)
FN:54,(anonymous_2)
FN:60,(anonymous_3)
FN:104,(anonymous_4)
FN:110,(anonymous_5)
FNF:6
FNH:1
FNDA:0,(anonymous_0)
FNDA:1,(anonymous_1)
FNDA:0,(anonymous_2)
FNDA:0,(anonymous_3)
FNDA:0,(anonymous_4)
FNDA:0,(anonymous_5)
DA:19,2
DA:20,0
DA:29,2
DA:50,1
DA:52,1
DA:55,0
DA:61,0
DA:105,0
DA:111,0
DA:139,2
LF:10
LH:5
BRDA:89,0,0,1
BRDA:89,0,1,0
BRDA:91,1,0,1
BRDA:91,1,1,0
BRDA:92,2,0,1
BRDA:92,2,1,0
BRDA:126,3,0,1
BRDA:126,3,1,0
BRF:8
BRH:4
end_of_record
TN:
SF:/Users/brycedbjork/git/evently-app/client/src/components/Timeline/index.js
FN:30,formatAMPM
FN:41,formatDay
FN:45,sortFn
FN:51,compileSections
FN:120,(anonymous_4)
FN:133,(anonymous_5)
FN:135,(anonymous_6)
FN:136,(anonymous_7)
FN:138,(anonymous_8)
FN:140,(anonymous_9)
FN:161,(anonymous_10)
FN:166,(anonymous_11)
FN:169,(anonymous_12)
FN:174,(anonymous_13)
FN:196,(anonymous_14)
FN:200,(anonymous_15)
FN:221,(anonymous_16)
FN:224,(anonymous_17)
FN:232,(anonymous_18)
FN:238,(anonymous_19)
FN:295,(anonymous_20)
FNF:21
FNH:0
FNDA:0,formatAMPM
FNDA:0,formatDay
FNDA:0,sortFn
FNDA:0,compileSections
FNDA:0,(anonymous_4)
FNDA:0,(anonymous_5)
FNDA:0,(anonymous_6)
FNDA:0,(anonymous_7)
FNDA:0,(anonymous_8)
FNDA:0,(anonymous_9)
FNDA:0,(anonymous_10)
FNDA:0,(anonymous_11)
FNDA:0,(anonymous_12)
FNDA:0,(anonymous_13)
FNDA:0,(anonymous_14)
FNDA:0,(anonymous_15)
FNDA:0,(anonymous_16)
FNDA:0,(anonymous_17)
FNDA:0,(anonymous_18)
FNDA:0,(anonymous_19)
FNDA:0,(anonymous_20)
DA:22,2
DA:23,2
DA:24,2
DA:26,2
DA:27,2
DA:31,0
DA:32,0
DA:33,0
DA:34,0
DA:35,0
DA:36,0
DA:37,0
DA:42,0
DA:46,0
DA:47,0
DA:48,0
DA:52,0
DA:53,0
DA:54,0
DA:55,0
DA:56,0
DA:57,0
DA:59,0
DA:61,0
DA:62,0
DA:63,0
DA:64,0
DA:65,0
DA:67,0
DA:68,0
DA:69,0
DA:70,0
DA:71,0
DA:74,0
DA:76,0
DA:81,0
DA:82,0
DA:83,0
DA:84,0
DA:86,0
DA:87,0
DA:88,0
DA:90,0
DA:91,0
DA:93,0
DA:94,0
DA:96,0
DA:97,0
DA:101,0
DA:105,0
DA:107,0
DA:121,0
DA:122,0
DA:124,0
DA:125,0
DA:126,0
DA:129,0
DA:134,0
DA:135,0
DA:136,0
DA:141,0
DA:142,0
DA:143,0
DA:144,0
DA:151,0
DA:154,0
DA:164,0
DA:167,0
DA:170,0
DA:175,0
DA:176,0
DA:180,0
DA:192,0
DA:193,0
DA:196,0
DA:201,0
DA:202,0
DA:203,0
DA:225,0
DA:226,0
DA:233,0
DA:238,0
DA:253,2
DA:295,2
DA:296,0
DA:302,2
LF:86
LH:8
BRDA:22,0,0,0
BRDA:22,0,1,2
BRDA:33,1,0,0
BRDA:33,1,1,0
BRDA:35,2,0,0
BRDA:35,2,1,0
BRDA:36,3,0,0
BRDA:36,3,1,0
BRDA:36,4,0,0
BRDA:36,4,1,0
BRDA:48,5,0,0
BRDA:48,5,1,0
BRDA:48,6,0,0
BRDA:48,6,1,0
BRDA:67,7,0,0
BRDA:67,7,1,0
BRDA:69,8,0,0
BRDA:69,8,1,0
BRDA:71,9,0,0
BRDA:71,9,1,0
BRDA:87,10,0,0
BRDA:87,10,1,0
BRDA:90,11,0,0
BRDA:90,11,1,0
BRDA:93,12,0,0
BRDA:93,12,1,0
BRDA:96,13,0,0
BRDA:96,13,1,0
BRDA:103,14,0,0
BRDA:103,14,1,0
BRDA:105,15,0,0
BRDA:105,15,1,0
BRDA:121,16,0,0
BRDA:121,16,1,0
BRDA:125,17,0,0
BRDA:125,17,1,0
BRDA:141,18,0,0
BRDA:141,18,1,0
BRDA:145,19,0,0
BRDA:145,19,1,0
BRDA:146,20,0,0
BRDA:146,20,1,0
BRDA:214,21,0,0
BRDA:214,21,1,0
BRDA:220,22,0,0
BRDA:220,22,1,0
BRDA:225,23,0,0
BRDA:225,23,1,0
BRDA:240,24,0,0
BRDA:240,24,1,0
BRDA:257,25,0,0
BRDA:257,25,1,2
BRDA:274,26,0,0
BRDA:274,26,1,2
BRF:54
BRH:3
end_of_record
TN:
SF:/Users/brycedbjork/git/evently-app/client/src/components/universal/Spinner.js
FN:8,(anonymous_0)
FN:12,(anonymous_1)
FN:39,(anonymous_2)
FNF:3
FNH:3
FNDA:1,(anonymous_0)
FNDA:1,(anonymous_1)
FNDA:1,(anonymous_2)
DA:9,1
DA:13,1
DA:14,1
DA:16,1
DA:18,1
DA:39,1
LF:6
LH:6
BRDA:13,0,0,1
BRDA:13,0,1,1
BRDA:26,1,0,1
BRDA:26,1,1,1
BRF:4
BRH:4
end_of_record
TN:
SF:/Users/brycedbjork/git/evently-app/client/src/components/universal/Text.js
FN:38,(anonymous_0)
FN:44,(anonymous_1)
FN:50,(anonymous_2)
FNF:3
FNH:3
FNDA:1,(anonymous_0)
FNDA:1,(anonymous_1)
FNDA:1,(anonymous_2)
DA:18,6
DA:25,6
DA:32,6
DA:38,6
DA:39,1
DA:40,0
DA:41,1
DA:44,6
DA:45,1
DA:46,0
DA:47,1
DA:50,6
DA:51,1
DA:52,0
DA:53,1
LF:15
LH:12
BRDA:39,0,0,0
BRDA:39,0,1,1
BRDA:45,1,0,0
BRDA:45,1,1,1
BRDA:51,2,0,0
BRDA:51,2,1,1
BRF:6
BRH:3
end_of_record
TN:
SF:/Users/brycedbjork/git/evently-app/client/src/components/universal/TouchableScale.js
FN:4,(anonymous_0)
FN:7,(anonymous_1)
FN:16,(anonymous_2)
FNF:3
FNH:0
FNDA:0,(anonymous_0)
FNDA:0,(anonymous_1)
FNDA:0,(anonymous_2)
DA:4,2
DA:5,0
DA:7,0
DA:8,0
DA:16,0
DA:17,0
DA:24,0
DA:32,0
LF:8
LH:1
BRDA:4,0,0,0
BRDA:4,1,0,0
BRDA:34,2,0,0
BRDA:34,2,1,0
BRF:4
BRH:0
end_of_record
TN:
SF:/Users/brycedbjork/git/evently-app/client/src/lib/constants.js
FNF:0
FNH:0
DA:3,8
DA:5,8
DA:6,8
DA:8,8
DA:19,8
DA:26,8
DA:32,8
LF:7
LH:7
BRDA:5,0,0,0
BRDA:5,0,1,8
BRDA:5,1,0,8
BRDA:5,1,1,8
BRDA:5,1,2,8
BRF:5
BRH:4
end_of_record
TN:
SF:/Users/brycedbjork/git/evently-app/client/src/lib/styles.js
FNF:0
FNH:0
DA:2,4
DA:9,4
LF:2
LH:2
BRF:0
BRH:0
end_of_record
TN:
SF:/Users/brycedbjork/git/evently-app/client/src/redux/filter.js
FN:16,(anonymous_0)
FN:52,(anonymous_1)
FN:56,(anonymous_2)
FN:60,(anonymous_3)
FN:64,(anonymous_4)
FN:70,(anonymous_5)
FN:75,(anonymous_6)
FNF:7
FNH:4
FNDA:0,(anonymous_0)
FNDA:1,(anonymous_1)
FNDA:1,(anonymous_2)
FNDA:1,(anonymous_3)
FNDA:1,(anonymous_4)
FNDA:0,(anonymous_5)
FNDA:0,(anonymous_6)
DA:2,3
DA:9,3
DA:10,3
DA:11,3
DA:12,3
DA:17,0
DA:19,0
DA:25,0
DA:31,0
DA:38,0
DA:47,0
DA:52,3
DA:56,3
DA:60,3
DA:64,3
DA:70,3
DA:75,3
LF:17
LH:11
BRDA:16,0,0,0
BRDA:17,1,0,0
BRDA:17,1,1,0
BRDA:17,1,2,0
BRDA:17,1,3,0
BRDA:17,1,4,0
BRF:6
BRH:0
end_of_record
TN:
SF:/Users/brycedbjork/git/evently-app/client/src/redux/queue.js
FN:34,(anonymous_0)
FN:59,(anonymous_1)
FN:86,(anonymous_2)
FN:90,(anonymous_3)
FN:98,(anonymous_4)
FN:103,(anonymous_5)
FN:107,(anonymous_6)
FN:112,(anonymous_7)
FN:113,(anonymous_8)
FN:114,(anonymous_9)
FN:125,(anonymous_10)
FN:142,(anonymous_11)
FN:149,(anonymous_12)
FN:160,(anonymous_13)
FN:165,(anonymous_14)
FN:189,(anonymous_15)
FN:200,(anonymous_16)
FN:201,(anonymous_17)
FN:202,(anonymous_18)
FN:219,(anonymous_19)
FN:223,(anonymous_20)
FN:231,(anonymous_21)
FN:263,(anonymous_22)
FN:264,(anonymous_23)
FN:283,(anonymous_24)
FN:286,(anonymous_25)
FNF:26
FNH:5
FNDA:0,(anonymous_0)
FNDA:0,(anonymous_1)
FNDA:1,(anonymous_2)
FNDA:1,(anonymous_3)
FNDA:1,(anonymous_4)
FNDA:1,(anonymous_5)
FNDA:1,(anonymous_6)
FNDA:0,(anonymous_7)
FNDA:0,(anonymous_8)
FNDA:0,(anonymous_9)
FNDA:0,(anonymous_10)
FNDA:0,(anonymous_11)
FNDA:0,(anonymous_12)
FNDA:0,(anonymous_13)
FNDA:0,(anonymous_14)
FNDA:0,(anonymous_15)
FNDA:0,(anonymous_16)
FNDA:0,(anonymous_17)
FNDA:0,(anonymous_18)
FNDA:0,(anonymous_19)
FNDA:0,(anonymous_20)
FNDA:0,(anonymous_21)
FNDA:0,(anonymous_22)
FNDA:0,(anonymous_23)
FNDA:0,(anonymous_24)
FNDA:0,(anonymous_25)
DA:8,7
DA:13,7
DA:24,7
DA:25,7
DA:26,7
DA:27,7
DA:28,7
DA:35,0
DA:37,0
DA:40,0
DA:49,0
DA:52,0
DA:59,0
DA:63,0
DA:71,0
DA:72,0
DA:73,0
DA:75,0
DA:81,0
DA:86,7
DA:90,7
DA:98,7
DA:103,7
DA:107,7
DA:112,7
DA:113,0
DA:114,0
DA:115,0
DA:118,0
DA:119,0
DA:121,0
DA:122,0
DA:124,0
DA:126,0
DA:132,0
DA:134,0
DA:136,0
DA:143,0
DA:150,0
DA:151,0
DA:161,0
DA:162,0
DA:167,0
DA:168,0
DA:176,0
DA:178,0
DA:179,0
DA:190,0
DA:191,0
DA:200,7
DA:201,0
DA:202,0
DA:203,0
DA:204,0
DA:206,0
DA:207,0
DA:209,0
DA:211,0
DA:213,0
DA:220,0
DA:221,0
DA:224,0
DA:225,0
DA:231,7
DA:233,0
DA:234,0
DA:242,0
DA:243,0
DA:250,0
DA:251,0
DA:256,0
DA:257,0
DA:263,7
DA:264,0
DA:266,0
DA:272,0
DA:274,0
DA:281,0
DA:284,0
DA:286,0
DA:287,0
DA:290,0
DA:292,0
LF:83
LH:16
BRDA:34,0,0,0
BRDA:35,1,0,0
BRDA:35,1,1,0
BRDA:35,1,2,0
BRDA:35,1,3,0
BRDA:35,1,4,0
BRDA:35,1,5,0
BRDA:49,2,0,0
BRDA:49,2,1,0
BRDA:59,3,0,0
BRDA:59,3,1,0
BRDA:72,4,0,0
BRDA:72,4,1,0
BRDA:134,5,0,0
BRDA:134,5,1,0
BRDA:209,6,0,0
BRDA:209,6,1,0
BRDA:211,7,0,0
BRDA:211,7,1,0
BRDA:215,8,0,0
BRDA:215,8,1,0
BRDA:233,9,0,0
BRDA:233,9,1,0
BRDA:233,10,0,0
BRDA:233,10,1,0
BRDA:242,11,0,0
BRDA:242,11,1,0
BRDA:242,12,0,0
BRDA:242,12,1,0
BRDA:250,13,0,0
BRDA:250,13,1,0
BRDA:250,14,0,0
BRDA:250,14,1,0
BRDA:256,15,0,0
BRDA:256,15,1,0
BRDA:256,16,0,0
BRDA:256,16,1,0
BRDA:272,17,0,0
BRDA:272,17,1,0
BRF:39
BRH:0
end_of_record
TN:
SF:/Users/brycedbjork/git/evently-app/client/src/redux/timeline.js
FN:31,(anonymous_0)
FN:72,(anonymous_1)
FN:76,(anonymous_2)
FN:81,(anonymous_3)
FN:88,(anonymous_4)
FN:94,(anonymous_5)
FN:103,(anonymous_6)
FN:104,(anonymous_7)
FN:105,(anonymous_8)
FN:130,(anonymous_9)
FN:131,(anonymous_10)
FN:132,(anonymous_11)
FN:147,(anonymous_12)
FN:148,(anonymous_13)
FN:161,(anonymous_14)
FN:162,(anonymous_15)
FN:163,(anonymous_16)
FN:171,(anonymous_17)
FN:174,(anonymous_18)
FNF:19
FNH:5
FNDA:0,(anonymous_0)
FNDA:1,(anonymous_1)
FNDA:1,(anonymous_2)
FNDA:1,(anonymous_3)
FNDA:1,(anonymous_4)
FNDA:1,(anonymous_5)
FNDA:0,(anonymous_6)
FNDA:0,(anonymous_7)
FNDA:0,(anonymous_8)
FNDA:0,(anonymous_9)
FNDA:0,(anonymous_10)
FNDA:0,(anonymous_11)
FNDA:0,(anonymous_12)
FNDA:0,(anonymous_13)
FNDA:0,(anonymous_14)
FNDA:0,(anonymous_15)
FNDA:0,(anonymous_16)
FNDA:0,(anonymous_17)
FNDA:0,(anonymous_18)
DA:8,4
DA:13,4
DA:21,4
DA:22,4
DA:23,4
DA:24,4
DA:25,4
DA:32,0
DA:34,0
DA:37,0
DA:43,0
DA:51,0
DA:59,0
DA:60,0
DA:66,0
DA:72,4
DA:76,4
DA:81,4
DA:82,1
DA:88,4
DA:89,1
DA:94,4
DA:95,1
DA:103,4
DA:104,0
DA:105,0
DA:106,0
DA:108,0
DA:109,0
DA:112,0
DA:113,0
DA:115,0
DA:130,4
DA:131,0
DA:132,0
DA:133,0
DA:134,0
DA:135,0
DA:138,0
DA:140,0
DA:147,4
DA:148,0
DA:149,0
DA:150,0
DA:152,0
DA:161,4
DA:162,0
DA:163,0
DA:164,0
DA:166,0
DA:167,0
DA:169,0
DA:172,0
DA:175,0
LF:54
LH:19
BRDA:31,0,0,0
BRDA:32,1,0,0
BRDA:32,1,1,0
BRDA:32,1,2,0
BRDA:32,1,3,0
BRDA:32,1,4,0
BRDA:32,1,5,0
BRF:7
BRH:0
end_of_record
TN:
SF:/Users/brycedbjork/git/evently-app/client/src/redux/user.js
FN:33,(anonymous_0)
FN:92,(anonymous_1)
FN:98,(anonymous_2)
FN:106,(anonymous_3)
FN:113,(anonymous_4)
FN:118,(anonymous_5)
FN:124,(anonymous_6)
FN:131,(anonymous_7)
FN:137,(anonymous_8)
FN:145,(anonymous_9)
FN:146,(anonymous_10)
FN:147,(anonymous_11)
FN:151,(anonymous_12)
FN:158,(anonymous_13)
FN:174,(anonymous_14)
FN:179,(anonymous_15)
FN:192,(anonymous_16)
FN:200,(anonymous_17)
FN:201,(anonymous_18)
FN:215,(anonymous_19)
FN:218,(anonymous_20)
FNF:21
FNH:11
FNDA:0,(anonymous_0)
FNDA:2,(anonymous_1)
FNDA:1,(anonymous_2)
FNDA:1,(anonymous_3)
FNDA:1,(anonymous_4)
FNDA:1,(anonymous_5)
FNDA:1,(anonymous_6)
FNDA:1,(anonymous_7)
FNDA:1,(anonymous_8)
FNDA:1,(anonymous_9)
FNDA:1,(anonymous_10)
FNDA:1,(anonymous_11)
FNDA:0,(anonymous_12)
FNDA:0,(anonymous_13)
FNDA:0,(anonymous_14)
FNDA:0,(anonymous_15)
FNDA:0,(anonymous_16)
FNDA:0,(anonymous_17)
FNDA:0,(anonymous_18)
FNDA:0,(anonymous_19)
FNDA:0,(anonymous_20)
DA:4,7
DA:9,7
DA:20,7
DA:21,7
DA:22,7
DA:23,7
DA:24,7
DA:25,7
DA:26,7
DA:27,7
DA:34,0
DA:36,0
DA:39,0
DA:45,0
DA:53,0
DA:60,0
DA:66,0
DA:72,0
DA:79,0
DA:86,0
DA:92,7
DA:93,2
DA:98,7
DA:99,1
DA:106,7
DA:107,1
DA:113,7
DA:118,7
DA:119,1
DA:124,7
DA:125,1
DA:131,7
DA:132,1
DA:137,7
DA:138,1
DA:145,7
DA:146,1
DA:147,1
DA:148,1
DA:151,1
DA:152,0
DA:154,0
DA:159,0
DA:161,0
DA:162,0
DA:166,0
DA:170,0
DA:176,0
DA:177,0
DA:180,0
DA:181,0
DA:189,0
DA:193,0
DA:194,0
DA:200,7
DA:201,0
DA:202,0
DA:204,0
DA:206,0
DA:207,0
DA:208,0
DA:211,0
DA:216,0
DA:219,0
LF:64
LH:31
BRDA:33,0,0,0
BRDA:34,1,0,0
BRDA:34,1,1,0
BRDA:34,1,2,0
BRDA:34,1,3,0
BRDA:34,1,4,0
BRDA:34,1,5,0
BRDA:34,1,6,0
BRDA:34,1,7,0
BRDA:34,1,8,0
BRDA:152,2,0,0
BRDA:152,2,1,0
BRDA:159,3,0,0
BRDA:159,3,1,0
BRDA:206,4,0,0
BRDA:206,4,1,0
BRF:16
BRH:0
end_of_record
